2011-11-24 20:06:41 Debug: Notice (8): Undefined property: UsersController::$Role in [E:\wamp\www\website\discoverycast\app\controllers\users_controller.php, line 80]
2011-11-24 20:09:56 Debug: Notice (8): Undefined index:  role in [E:\wamp\www\website\discoverycast\app\controllers\users_controller.php, line 83]
2011-11-24 20:10:16 Debug: Notice (8): Undefined index:  role in [E:\wamp\www\website\discoverycast\app\controllers\users_controller.php, line 83]
2011-11-24 20:10:34 Debug: Notice (8): Undefined index:  role in [E:\wamp\www\website\discoverycast\app\controllers\users_controller.php, line 83]
2011-11-24 20:13:13 Debug: Notice (8): Undefined index:  name in [E:\wamp\www\website\discoverycast\app\views\sitedetails\admin_view.ctp, line 26]
2011-11-24 20:13:13 Debug: Notice (8): Undefined index:  date_from in [E:\wamp\www\website\discoverycast\app\views\sitedetails\admin_view.ctp, line 29]
2011-11-24 20:13:13 Debug: Notice (8): Undefined index:  organization_name in [E:\wamp\www\website\discoverycast\app\views\sitedetails\admin_view.ctp, line 33]
2011-11-24 20:13:13 Debug: Notice (8): Undefined index:  date_to in [E:\wamp\www\website\discoverycast\app\views\sitedetails\admin_view.ctp, line 36]
2011-11-24 20:13:13 Debug: Notice (8): Undefined index:  contact_name in [E:\wamp\www\website\discoverycast\app\views\sitedetails\admin_view.ctp, line 40]
2011-11-24 20:13:13 Debug: Notice (8): Undefined index:  time_from in [E:\wamp\www\website\discoverycast\app\views\sitedetails\admin_view.ctp, line 43]
2011-11-24 20:13:13 Debug: Notice (8): Undefined index:  contact_email in [E:\wamp\www\website\discoverycast\app\views\sitedetails\admin_view.ctp, line 47]
2011-11-24 20:13:13 Debug: Notice (8): Undefined index:  time_to in [E:\wamp\www\website\discoverycast\app\views\sitedetails\admin_view.ctp, line 50]
2011-11-24 20:13:13 Debug: Notice (8): Undefined index:  mobile in [E:\wamp\www\website\discoverycast\app\views\sitedetails\admin_view.ctp, line 54]
2011-11-24 20:13:13 Debug: Notice (8): Undefined index:  phone in [E:\wamp\www\website\discoverycast\app\views\sitedetails\admin_view.ctp, line 61]
2011-11-24 20:13:38 Debug: Notice (8): Undefined index:  name in [E:\wamp\www\website\discoverycast\app\views\sitedetails\admin_view.ctp, line 26]
2011-11-24 20:13:38 Debug: Notice (8): Undefined index:  date_from in [E:\wamp\www\website\discoverycast\app\views\sitedetails\admin_view.ctp, line 29]
2011-11-24 20:13:38 Debug: Notice (8): Undefined index:  organization_name in [E:\wamp\www\website\discoverycast\app\views\sitedetails\admin_view.ctp, line 33]
2011-11-24 20:13:38 Debug: Notice (8): Undefined index:  date_to in [E:\wamp\www\website\discoverycast\app\views\sitedetails\admin_view.ctp, line 36]
2011-11-24 20:13:38 Debug: Notice (8): Undefined index:  contact_name in [E:\wamp\www\website\discoverycast\app\views\sitedetails\admin_view.ctp, line 40]
2011-11-24 20:13:38 Debug: Notice (8): Undefined index:  time_from in [E:\wamp\www\website\discoverycast\app\views\sitedetails\admin_view.ctp, line 43]
2011-11-24 20:13:38 Debug: Notice (8): Undefined index:  contact_email in [E:\wamp\www\website\discoverycast\app\views\sitedetails\admin_view.ctp, line 47]
2011-11-24 20:13:38 Debug: Notice (8): Undefined index:  time_to in [E:\wamp\www\website\discoverycast\app\views\sitedetails\admin_view.ctp, line 50]
2011-11-24 20:13:38 Debug: Notice (8): Undefined index:  mobile in [E:\wamp\www\website\discoverycast\app\views\sitedetails\admin_view.ctp, line 54]
2011-11-24 20:13:38 Debug: Notice (8): Undefined index:  phone in [E:\wamp\www\website\discoverycast\app\views\sitedetails\admin_view.ctp, line 61]
2011-11-24 20:13:47 Debug: Notice (8): Undefined index:  name in [E:\wamp\www\website\discoverycast\app\views\sitedetails\admin_view.ctp, line 26]
2011-11-24 20:13:47 Debug: Notice (8): Undefined index:  date_from in [E:\wamp\www\website\discoverycast\app\views\sitedetails\admin_view.ctp, line 29]
2011-11-24 20:13:47 Debug: Notice (8): Undefined index:  organization_name in [E:\wamp\www\website\discoverycast\app\views\sitedetails\admin_view.ctp, line 33]
2011-11-24 20:13:47 Debug: Notice (8): Undefined index:  date_to in [E:\wamp\www\website\discoverycast\app\views\sitedetails\admin_view.ctp, line 36]
2011-11-24 20:13:47 Debug: Notice (8): Undefined index:  contact_name in [E:\wamp\www\website\discoverycast\app\views\sitedetails\admin_view.ctp, line 40]
2011-11-24 20:13:47 Debug: Notice (8): Undefined index:  time_from in [E:\wamp\www\website\discoverycast\app\views\sitedetails\admin_view.ctp, line 43]
2011-11-24 20:13:47 Debug: Notice (8): Undefined index:  contact_email in [E:\wamp\www\website\discoverycast\app\views\sitedetails\admin_view.ctp, line 47]
2011-11-24 20:13:47 Debug: Notice (8): Undefined index:  time_to in [E:\wamp\www\website\discoverycast\app\views\sitedetails\admin_view.ctp, line 50]
2011-11-24 20:13:47 Debug: Notice (8): Undefined index:  mobile in [E:\wamp\www\website\discoverycast\app\views\sitedetails\admin_view.ctp, line 54]
2011-11-24 20:13:47 Debug: Notice (8): Undefined index:  phone in [E:\wamp\www\website\discoverycast\app\views\sitedetails\admin_view.ctp, line 61]
2011-11-24 20:14:15 Debug: Notice (8): Undefined index:  name in [E:\wamp\www\website\discoverycast\app\views\sitedetails\admin_view.ctp, line 26]
2011-11-24 20:14:15 Debug: Notice (8): Undefined index:  date_from in [E:\wamp\www\website\discoverycast\app\views\sitedetails\admin_view.ctp, line 29]
2011-11-24 20:14:15 Debug: Notice (8): Undefined index:  organization_name in [E:\wamp\www\website\discoverycast\app\views\sitedetails\admin_view.ctp, line 33]
2011-11-24 20:14:15 Debug: Notice (8): Undefined index:  date_to in [E:\wamp\www\website\discoverycast\app\views\sitedetails\admin_view.ctp, line 36]
2011-11-24 20:14:15 Debug: Notice (8): Undefined index:  contact_name in [E:\wamp\www\website\discoverycast\app\views\sitedetails\admin_view.ctp, line 40]
2011-11-24 20:14:15 Debug: Notice (8): Undefined index:  time_from in [E:\wamp\www\website\discoverycast\app\views\sitedetails\admin_view.ctp, line 43]
2011-11-24 20:14:15 Debug: Notice (8): Undefined index:  contact_email in [E:\wamp\www\website\discoverycast\app\views\sitedetails\admin_view.ctp, line 47]
2011-11-24 20:14:15 Debug: Notice (8): Undefined index:  time_to in [E:\wamp\www\website\discoverycast\app\views\sitedetails\admin_view.ctp, line 50]
2011-11-24 20:14:15 Debug: Notice (8): Undefined index:  mobile in [E:\wamp\www\website\discoverycast\app\views\sitedetails\admin_view.ctp, line 54]
2011-11-24 20:14:15 Debug: Notice (8): Undefined index:  phone in [E:\wamp\www\website\discoverycast\app\views\sitedetails\admin_view.ctp, line 61]
2011-11-25 03:52:14 Debug: Notice (8): Undefined index:  blog in [E:\wamp\www\website\discoverycast\app\views\home\home.ctp, line 8]
2011-11-25 04:04:13 Debug: Notice (8): Undefined index:  dc_quick_tips  in [E:\wamp\www\website\discoverycast\app\views\home\home.ctp, line 51]
2011-11-27 15:27:39 Debug: Notice (8): Array to string conversion in [E:\wamp\www\website\discoverycast\cake\libs\model\datasources\dbo_source.php, line 749]
2011-11-27 15:32:20 Debug: Notice (8): Array to string conversion in [E:\wamp\www\website\discoverycast\cake\libs\model\datasources\dbo_source.php, line 749]
2011-11-27 15:37:44 Debug: Notice (8): Undefined index:  Sitedetail in [E:\wamp\www\website\discoverycast\app\controllers\events_controller.php, line 143]
2011-11-27 15:37:44 Debug: Notice (8): Undefined index:  Sitedetail in [E:\wamp\www\website\discoverycast\app\controllers\events_controller.php, line 167]
2011-11-27 16:16:56 Debug: Notice (8): Undefined variable: paginator in [E:\wamp\www\website\discoverycast\app\views\events\admin_view.ctp, line 111]
2011-11-27 16:18:00 Debug: Notice (8): Undefined index:  Question in [E:\wamp\www\website\discoverycast\app\views\events\admin_view.ctp, line 120]
2011-11-27 16:18:00 Debug: Notice (8): Undefined index:  Question in [E:\wamp\www\website\discoverycast\app\views\events\admin_view.ctp, line 121]
2011-11-27 16:18:00 Debug: Notice (8): Undefined index:  Question in [E:\wamp\www\website\discoverycast\app\views\events\admin_view.ctp, line 125]
2011-11-27 16:18:00 Debug: Notice (8): Undefined index:  Question in [E:\wamp\www\website\discoverycast\app\views\events\admin_view.ctp, line 130]
2011-11-27 16:18:00 Debug: Notice (8): Undefined index:  Question in [E:\wamp\www\website\discoverycast\app\views\events\admin_view.ctp, line 131]
2011-11-27 16:18:00 Debug: Notice (8): Undefined index:  Question in [E:\wamp\www\website\discoverycast\app\views\events\admin_view.ctp, line 132]
2011-11-27 16:18:00 Debug: Notice (8): Undefined index:  Question in [E:\wamp\www\website\discoverycast\app\views\events\admin_view.ctp, line 133]
2011-11-27 16:18:00 Debug: Notice (8): Undefined index:  Question in [E:\wamp\www\website\discoverycast\app\views\events\admin_view.ctp, line 134]
2011-11-27 16:19:53 Debug: Notice (8): Undefined index:  Question in [E:\wamp\www\website\discoverycast\app\views\events\admin_view.ctp, line 120]
2011-11-27 16:19:53 Debug: Notice (8): Undefined index:  Question in [E:\wamp\www\website\discoverycast\app\views\events\admin_view.ctp, line 121]
2011-11-27 16:19:53 Debug: Notice (8): Undefined index:  Question in [E:\wamp\www\website\discoverycast\app\views\events\admin_view.ctp, line 125]
2011-11-27 16:19:53 Debug: Notice (8): Undefined index:  Question in [E:\wamp\www\website\discoverycast\app\views\events\admin_view.ctp, line 130]
2011-11-27 16:19:53 Debug: Notice (8): Undefined index:  Question in [E:\wamp\www\website\discoverycast\app\views\events\admin_view.ctp, line 131]
2011-11-27 16:19:53 Debug: Notice (8): Undefined index:  Question in [E:\wamp\www\website\discoverycast\app\views\events\admin_view.ctp, line 132]
2011-11-27 16:19:53 Debug: Notice (8): Undefined index:  Question in [E:\wamp\www\website\discoverycast\app\views\events\admin_view.ctp, line 133]
2011-11-27 16:19:53 Debug: Notice (8): Undefined index:  Question in [E:\wamp\www\website\discoverycast\app\views\events\admin_view.ctp, line 134]
2011-11-27 16:23:57 Debug: Notice (8): Undefined variable: tableHeaders in [E:\wamp\www\website\discoverycast\app\views\events\admin_view.ctp, line 129]
2011-11-29 18:29:56 Debug: Notice (8): Undefined index:  email in [E:\wamp\www\website\discoverycast\app\controllers\users_controller.php, line 92]
2011-11-29 18:47:28 Debug: Notice (8): Undefined index:  email in [E:\wamp\www\website\discoverycast\app\controllers\users_controller.php, line 91]
2011-11-29 18:47:28 Debug: Notice (8): Undefined index:  email in [E:\wamp\www\website\discoverycast\app\views\elements\email\text\invitation.ctp, line 1]
2011-11-29 18:47:28 Debug: Notice (8): Undefined index:  email in [E:\wamp\www\website\discoverycast\app\views\elements\email\text\invitation.ctp, line 17]
2011-11-29 18:47:28 Debug: Notice (8): Undefined index:  email in [E:\wamp\www\website\discoverycast\app\views\elements\email\html\invitation.ctp, line 1]
2011-11-29 18:47:28 Debug: Notice (8): Undefined index:  email in [E:\wamp\www\website\discoverycast\app\views\elements\email\html\invitation.ctp, line 12]
2011-11-29 18:48:32 Debug: Notice (8): Undefined index:  email in [E:\wamp\www\website\discoverycast\app\controllers\users_controller.php, line 91]
2011-11-29 18:48:32 Debug: Notice (8): Undefined index:  email in [E:\wamp\www\website\discoverycast\app\views\elements\email\text\invitation.ctp, line 1]
2011-11-29 18:48:32 Debug: Notice (8): Undefined index:  email in [E:\wamp\www\website\discoverycast\app\views\elements\email\text\invitation.ctp, line 17]
2011-11-29 18:48:32 Debug: Notice (8): Undefined index:  email in [E:\wamp\www\website\discoverycast\app\views\elements\email\html\invitation.ctp, line 1]
2011-11-29 18:48:32 Debug: Notice (8): Undefined index:  email in [E:\wamp\www\website\discoverycast\app\views\elements\email\html\invitation.ctp, line 12]
2011-11-29 20:07:20 Debug: Notice (8): Undefined variable: title_for_layout in [E:\wamp\www\website\discoverycast\app\views\users\edit.ctp, line 2]
2011-12-01 16:57:32 Debug: Notice (8): Undefined index:  name in [E:\wamp\www\website\discoverycast\app\views\home\home.ctp, line 1]
2011-12-01 17:20:51 Debug: Notice (8): Undefined property: HomeController::$User in [E:\wamp\www\website\discoverycast\app\controllers\home_controller.php, line 35]
2011-12-03 10:30:12 Debug: Notice (8): Undefined variable: price_filter_rent in [E:\wamp\www\website\discoverycast\app\config\common_vars.php, line 31]
2011-12-03 10:30:14 Debug: Notice (8): Undefined variable: price_filter_rent in [E:\wamp\www\website\discoverycast\app\config\common_vars.php, line 31]
2011-12-03 15:27:55 Debug: Notice (8): Undefined property: AvatarsController::$pdf_dest in [E:\wamp\www\website\discoverycast\app\controllers\avatars_controller.php, line 87]
2011-12-03 15:28:10 Debug: Notice (8): Undefined index:  name in [E:\wamp\www\website\discoverycast\app\views\avatars\admin_index.ctp, line 38]
2011-12-03 15:28:38 Debug: Notice (8): Undefined variable: action in [E:\wamp\www\website\discoverycast\app\views\avatars\admin_add.ctp, line 17]
2011-12-03 15:28:38 Debug: Notice (8): Undefined variable: action in [E:\wamp\www\website\discoverycast\app\views\avatars\admin_add.ctp, line 27]
2011-12-03 15:32:52 Debug: Notice (8): Undefined index:  image in [E:\wamp\www\website\discoverycast\app\controllers\avatars_controller.php, line 157]
2011-12-03 15:33:27 Debug: Notice (8): Undefined index:  image in [E:\wamp\www\website\discoverycast\app\controllers\avatars_controller.php, line 157]
2011-12-03 15:36:23 Debug: Notice (8): Undefined index:  Avatar in [E:\wamp\www\website\discoverycast\app\views\avatars\admin_index.ctp, line 40]
2011-12-03 15:37:50 Debug: Notice (8): Undefined index:  image in [E:\wamp\www\website\discoverycast\app\controllers\avatars_controller.php, line 157]
2011-12-03 15:38:16 Debug: Notice (8): Array to string conversion in [E:\wamp\www\website\discoverycast\cake\libs\model\datasources\dbo_source.php, line 749]
2011-12-03 15:38:43 Debug: Notice (8): Array to string conversion in [E:\wamp\www\website\discoverycast\cake\libs\model\datasources\dbo_source.php, line 749]
2011-12-03 16:53:06 Debug: Notice (8): Undefined variable: event_id in [E:\wamp\www\website\discoverycast\app\controllers\events_controller.php, line 273]
2011-12-03 16:53:29 Debug: Notice (8): Undefined variable: event_id in [E:\wamp\www\website\discoverycast\app\views\layouts\default.ctp, line 59]
2011-12-03 16:53:29 Debug: Notice (8): Undefined variable: event_id in [E:\wamp\www\website\discoverycast\app\controllers\events_controller.php, line 273]
2011-12-03 16:54:27 Debug: Notice (8): Undefined variable: event_id in [E:\wamp\www\website\discoverycast\app\views\layouts\default.ctp, line 59]
2011-12-03 16:54:27 Debug: Notice (8): Undefined variable: event_id in [E:\wamp\www\website\discoverycast\app\controllers\events_controller.php, line 273]
2011-12-03 16:58:00 Debug: Notice (8): Undefined variable: event_id in [E:\wamp\www\website\discoverycast\app\controllers\events_controller.php, line 273]
2011-12-03 16:58:20 Debug: Notice (8): Undefined variable: event_id in [E:\wamp\www\website\discoverycast\app\controllers\events_controller.php, line 273]
2011-12-03 16:59:29 Debug: Notice (8): Undefined variable: event_id in [E:\wamp\www\website\discoverycast\app\controllers\events_controller.php, line 281]
2011-12-03 16:59:56 Debug: Notice (8): Undefined variable: event_id in [E:\wamp\www\website\discoverycast\app\controllers\events_controller.php, line 282]
2011-12-03 17:21:12 Debug: Notice (8): Undefined index:  requested in [E:\wamp\www\website\discoverycast\app\app_controller.php, line 284]
2011-12-03 17:53:05 Debug: Notice (8): Undefined property: EventsController::$Post in [E:\wamp\www\website\discoverycast\app\controllers\events_controller.php, line 286]
2011-12-04 06:24:34 Debug: Notice (8): Undefined variable: event_array in [E:\wamp\www\website\discoverycast\app\views\home\help.ctp, line 1]
2011-12-04 06:24:51 Debug: Notice (8): Undefined variable: event_array in [E:\wamp\www\website\discoverycast\app\views\home\help.ctp, line 1]
2011-12-04 08:00:38 Debug: Notice (8): Undefined variable: event_array in [E:\wamp\www\website\discoverycast\app\views\home\help.ctp, line 1]
2011-12-04 13:46:10 Debug: Notice (8): Undefined property: UsersController::$Event in [E:\wamp\www\website\discoverycast\app\app_controller.php, line 308]
2011-12-04 17:07:12 Debug: Notice (8): Undefined index:  id in [E:\wamp\www\website\discoverycast\app\views\questions\share.ctp, line 7]
2011-12-04 17:07:12 Debug: Notice (8): Undefined index:  keyword in [E:\wamp\www\website\discoverycast\app\views\questions\share.ctp, line 7]
2011-12-04 17:07:12 Debug: Notice (8): Undefined index:  id in [E:\wamp\www\website\discoverycast\app\views\questions\share.ctp, line 12]
2011-12-04 17:07:20 Debug: Notice (8): Undefined index:  id in [E:\wamp\www\website\discoverycast\app\views\questions\share.ctp, line 7]
2011-12-04 17:07:20 Debug: Notice (8): Undefined index:  keyword in [E:\wamp\www\website\discoverycast\app\views\questions\share.ctp, line 7]
2011-12-04 17:07:20 Debug: Notice (8): Undefined index:  id in [E:\wamp\www\website\discoverycast\app\views\questions\share.ctp, line 12]
2011-12-04 17:07:50 Debug: Notice (8): Undefined index:  keyword in [E:\wamp\www\website\discoverycast\app\views\questions\share.ctp, line 7]
2011-12-04 17:09:58 Debug: Notice (8): Undefined index:  keyword in [E:\wamp\www\website\discoverycast\app\views\questions\share.ctp, line 7]
2011-12-04 17:10:14 Debug: Notice (8): Undefined index:  keyword in [E:\wamp\www\website\discoverycast\app\views\questions\share.ctp, line 7]
2011-12-04 17:11:48 Debug: Notice (8): Undefined index:  id in [E:\wamp\www\website\discoverycast\app\views\questions\share.ctp, line 7]
2011-12-04 17:11:48 Debug: Notice (8): Undefined index:  keyword in [E:\wamp\www\website\discoverycast\app\views\questions\share.ctp, line 7]
2011-12-04 17:25:56 Debug: Notice (8): Undefined variable: event_array in [E:\wamp\www\website\discoverycast\app\views\home\help.ctp, line 1]
2011-12-04 17:25:59 Debug: Notice (8): Undefined variable: event_array in [E:\wamp\www\website\discoverycast\app\views\home\help.ctp, line 1]
2011-12-04 17:26:56 Debug: Notice (8): Undefined variable: event_array in [E:\wamp\www\website\discoverycast\app\views\home\help.ctp, line 1]
2011-12-04 17:43:43 Debug: Notice (8): Undefined variable: event_array in [E:\wamp\www\website\discoverycast\app\views\home\help.ctp, line 1]
2011-12-04 17:43:53 Debug: Notice (8): Undefined variable: event_array in [E:\wamp\www\website\discoverycast\app\views\home\help.ctp, line 1]
2011-12-04 17:44:10 Debug: Notice (8): Undefined variable: event_array in [E:\wamp\www\website\discoverycast\app\views\home\help.ctp, line 1]
2011-12-04 17:44:20 Debug: Notice (8): Undefined variable: event_array in [E:\wamp\www\website\discoverycast\app\views\home\help.ctp, line 1]
2011-12-04 17:44:39 Debug: Notice (8): Undefined variable: event_array in [E:\wamp\www\website\discoverycast\app\views\home\help.ctp, line 1]
2011-12-07 18:43:48 Debug: Notice (8): Undefined variable: event_array in [E:\wamp\www\website\discoverycast\app\views\home\help.ctp, line 1]
2011-12-10 12:51:20 Debug: Notice (8): Object of class QuestionsController to string conversion in [E:\wamp\www\website\discoverycast\app\controllers\questions_controller.php, line 210]
2011-12-10 12:51:20 Debug: Notice (8): Undefined variable: Object in [E:\wamp\www\website\discoverycast\app\controllers\questions_controller.php, line 210]
2011-12-10 12:51:20 Debug: Notice (8): Trying to get property of non-object in [E:\wamp\www\website\discoverycast\app\controllers\questions_controller.php, line 210]
2011-12-10 15:01:12 Debug: Notice (8): Undefined property: QuestionsController::$Idea in [E:\wamp\www\website\discoverycast\app\controllers\questions_controller.php, line 170]
2011-12-10 15:42:15 Debug: Notice (8): Undefined index:  parent_id in [E:\wamp\www\website\discoverycast\cake\libs\model\model.php, line 2337]
2011-12-10 15:42:58 Debug: Notice (8): Undefined index:  Question in [E:\wamp\www\website\discoverycast\app\views\questions\share.ctp, line 7]
2011-12-10 15:42:58 Debug: Notice (8): Undefined index:  Question in [E:\wamp\www\website\discoverycast\app\views\questions\share.ctp, line 12]
2011-12-10 15:42:58 Debug: Notice (8): Undefined index:  Question in [E:\wamp\www\website\discoverycast\app\views\questions\share.ctp, line 17]
2011-12-10 15:42:58 Debug: Notice (8): Undefined index:  Question in [E:\wamp\www\website\discoverycast\app\views\questions\share.ctp, line 18]
2011-12-10 15:42:58 Debug: Notice (8): Undefined index:  Question in [E:\wamp\www\website\discoverycast\app\views\questions\share.ctp, line 19]
2011-12-10 15:42:58 Debug: Notice (8): Undefined index:  Question in [E:\wamp\www\website\discoverycast\app\views\questions\share.ctp, line 25]
2011-12-10 15:42:58 Debug: Notice (8): Undefined index:  Question in [E:\wamp\www\website\discoverycast\app\views\questions\share.ctp, line 27]
2011-12-10 15:42:58 Debug: Notice (8): Undefined index:  Question in [E:\wamp\www\website\discoverycast\app\views\questions\share.ctp, line 34]
2011-12-10 15:42:58 Debug: Notice (8): Undefined index:  Question in [E:\wamp\www\website\discoverycast\app\views\questions\share.ctp, line 42]
2011-12-10 15:42:58 Debug: Notice (8): Undefined index:  Question in [E:\wamp\www\website\discoverycast\app\views\questions\share.ctp, line 48]
2011-12-10 15:42:58 Debug: Notice (8): Uninitialized string offset:  0 in [E:\wamp\www\website\discoverycast\app\views\questions\share.ctp, line 59]
2011-12-10 15:42:58 Debug: Notice (8): Uninitialized string offset:  0 in [E:\wamp\www\website\discoverycast\app\views\questions\share.ctp, line 104]
2011-12-10 15:42:58 Debug: Notice (8): Uninitialized string offset:  0 in [E:\wamp\www\website\discoverycast\app\views\questions\share.ctp, line 149]
2011-12-10 15:42:58 Debug: Notice (8): Uninitialized string offset:  0 in [E:\wamp\www\website\discoverycast\app\views\questions\share.ctp, line 193]
2011-12-10 15:42:58 Debug: Notice (8): Undefined index:  Question in [E:\wamp\www\website\discoverycast\app\views\questions\share.ctp, line 253]
2011-12-10 15:42:58 Debug: Notice (8): Undefined index:  Question in [E:\wamp\www\website\discoverycast\app\views\questions\share.ctp, line 254]
2011-12-10 15:42:58 Debug: Notice (8): Undefined index:  Question in [E:\wamp\www\website\discoverycast\app\views\questions\share.ctp, line 256]
2011-12-10 15:46:10 Debug: Notice (8): Undefined index:  Question in [E:\wamp\www\website\discoverycast\app\views\questions\share.ctp, line 7]
2011-12-10 15:46:10 Debug: Notice (8): Undefined index:  Question in [E:\wamp\www\website\discoverycast\app\views\questions\share.ctp, line 12]
2011-12-10 15:46:10 Debug: Notice (8): Undefined index:  Question in [E:\wamp\www\website\discoverycast\app\views\questions\share.ctp, line 17]
2011-12-10 15:46:10 Debug: Notice (8): Undefined index:  Question in [E:\wamp\www\website\discoverycast\app\views\questions\share.ctp, line 18]
2011-12-10 15:46:10 Debug: Notice (8): Undefined index:  Question in [E:\wamp\www\website\discoverycast\app\views\questions\share.ctp, line 19]
2011-12-10 15:46:10 Debug: Notice (8): Undefined index:  Question in [E:\wamp\www\website\discoverycast\app\views\questions\share.ctp, line 25]
2011-12-10 15:46:10 Debug: Notice (8): Undefined index:  Question in [E:\wamp\www\website\discoverycast\app\views\questions\share.ctp, line 27]
2011-12-10 15:46:10 Debug: Notice (8): Undefined index:  Question in [E:\wamp\www\website\discoverycast\app\views\questions\share.ctp, line 34]
2011-12-10 15:46:10 Debug: Notice (8): Undefined index:  Question in [E:\wamp\www\website\discoverycast\app\views\questions\share.ctp, line 42]
2011-12-10 15:46:10 Debug: Notice (8): Undefined index:  Question in [E:\wamp\www\website\discoverycast\app\views\questions\share.ctp, line 48]
2011-12-10 15:46:10 Debug: Notice (8): Uninitialized string offset:  0 in [E:\wamp\www\website\discoverycast\app\views\questions\share.ctp, line 59]
2011-12-10 15:46:10 Debug: Notice (8): Uninitialized string offset:  0 in [E:\wamp\www\website\discoverycast\app\views\questions\share.ctp, line 104]
2011-12-10 15:46:10 Debug: Notice (8): Uninitialized string offset:  0 in [E:\wamp\www\website\discoverycast\app\views\questions\share.ctp, line 149]
2011-12-10 15:46:10 Debug: Notice (8): Uninitialized string offset:  0 in [E:\wamp\www\website\discoverycast\app\views\questions\share.ctp, line 193]
2011-12-10 15:46:10 Debug: Notice (8): Undefined index:  Question in [E:\wamp\www\website\discoverycast\app\views\questions\share.ctp, line 253]
2011-12-10 15:46:10 Debug: Notice (8): Undefined index:  Question in [E:\wamp\www\website\discoverycast\app\views\questions\share.ctp, line 254]
2011-12-10 15:46:10 Debug: Notice (8): Undefined index:  Question in [E:\wamp\www\website\discoverycast\app\views\questions\share.ctp, line 256]
2011-12-10 15:50:54 Debug: Notice (8): Undefined index:  Question in [E:\wamp\www\website\discoverycast\app\views\questions\share.ctp, line 7]
2011-12-10 15:50:54 Debug: Notice (8): Undefined index:  Question in [E:\wamp\www\website\discoverycast\app\views\questions\share.ctp, line 12]
2011-12-10 15:50:54 Debug: Notice (8): Undefined index:  Question in [E:\wamp\www\website\discoverycast\app\views\questions\share.ctp, line 17]
2011-12-10 15:50:54 Debug: Notice (8): Undefined index:  Question in [E:\wamp\www\website\discoverycast\app\views\questions\share.ctp, line 18]
2011-12-10 15:50:54 Debug: Notice (8): Undefined index:  Question in [E:\wamp\www\website\discoverycast\app\views\questions\share.ctp, line 19]
2011-12-10 15:50:54 Debug: Notice (8): Undefined index:  Question in [E:\wamp\www\website\discoverycast\app\views\questions\share.ctp, line 25]
2011-12-10 15:50:54 Debug: Notice (8): Undefined index:  Question in [E:\wamp\www\website\discoverycast\app\views\questions\share.ctp, line 27]
2011-12-10 15:50:54 Debug: Notice (8): Undefined index:  Question in [E:\wamp\www\website\discoverycast\app\views\questions\share.ctp, line 34]
2011-12-10 15:50:54 Debug: Notice (8): Undefined index:  Question in [E:\wamp\www\website\discoverycast\app\views\questions\share.ctp, line 42]
2011-12-10 15:50:54 Debug: Notice (8): Undefined index:  Question in [E:\wamp\www\website\discoverycast\app\views\questions\share.ctp, line 48]
2011-12-10 15:50:54 Debug: Notice (8): Uninitialized string offset:  0 in [E:\wamp\www\website\discoverycast\app\views\questions\share.ctp, line 59]
2011-12-10 15:50:54 Debug: Notice (8): Uninitialized string offset:  0 in [E:\wamp\www\website\discoverycast\app\views\questions\share.ctp, line 104]
2011-12-10 15:50:54 Debug: Notice (8): Uninitialized string offset:  0 in [E:\wamp\www\website\discoverycast\app\views\questions\share.ctp, line 149]
2011-12-10 15:50:54 Debug: Notice (8): Uninitialized string offset:  0 in [E:\wamp\www\website\discoverycast\app\views\questions\share.ctp, line 193]
2011-12-10 15:50:54 Debug: Notice (8): Undefined index:  Question in [E:\wamp\www\website\discoverycast\app\views\questions\share.ctp, line 253]
2011-12-10 15:50:54 Debug: Notice (8): Undefined index:  Question in [E:\wamp\www\website\discoverycast\app\views\questions\share.ctp, line 254]
2011-12-10 15:50:54 Debug: Notice (8): Undefined index:  Question in [E:\wamp\www\website\discoverycast\app\views\questions\share.ctp, line 256]
2011-12-10 15:51:40 Debug: Notice (8): Undefined index:  Question in [E:\wamp\www\website\discoverycast\app\views\questions\share.ctp, line 7]
2011-12-10 15:51:40 Debug: Notice (8): Undefined index:  Question in [E:\wamp\www\website\discoverycast\app\views\questions\share.ctp, line 12]
2011-12-10 15:51:40 Debug: Notice (8): Undefined index:  Question in [E:\wamp\www\website\discoverycast\app\views\questions\share.ctp, line 17]
2011-12-10 15:51:40 Debug: Notice (8): Undefined index:  Question in [E:\wamp\www\website\discoverycast\app\views\questions\share.ctp, line 18]
2011-12-10 15:51:40 Debug: Notice (8): Undefined index:  Question in [E:\wamp\www\website\discoverycast\app\views\questions\share.ctp, line 19]
2011-12-10 15:51:40 Debug: Notice (8): Undefined index:  Question in [E:\wamp\www\website\discoverycast\app\views\questions\share.ctp, line 25]
2011-12-10 15:51:40 Debug: Notice (8): Undefined index:  Question in [E:\wamp\www\website\discoverycast\app\views\questions\share.ctp, line 27]
2011-12-10 15:51:40 Debug: Notice (8): Undefined index:  Question in [E:\wamp\www\website\discoverycast\app\views\questions\share.ctp, line 34]
2011-12-10 15:51:40 Debug: Notice (8): Undefined index:  Question in [E:\wamp\www\website\discoverycast\app\views\questions\share.ctp, line 42]
2011-12-10 15:51:40 Debug: Notice (8): Undefined index:  Question in [E:\wamp\www\website\discoverycast\app\views\questions\share.ctp, line 48]
2011-12-10 15:51:40 Debug: Notice (8): Uninitialized string offset:  0 in [E:\wamp\www\website\discoverycast\app\views\questions\share.ctp, line 59]
2011-12-10 15:51:40 Debug: Notice (8): Uninitialized string offset:  0 in [E:\wamp\www\website\discoverycast\app\views\questions\share.ctp, line 104]
2011-12-10 15:51:40 Debug: Notice (8): Uninitialized string offset:  0 in [E:\wamp\www\website\discoverycast\app\views\questions\share.ctp, line 149]
2011-12-10 15:51:40 Debug: Notice (8): Uninitialized string offset:  0 in [E:\wamp\www\website\discoverycast\app\views\questions\share.ctp, line 193]
2011-12-10 15:51:40 Debug: Notice (8): Undefined index:  Question in [E:\wamp\www\website\discoverycast\app\views\questions\share.ctp, line 253]
2011-12-10 15:51:40 Debug: Notice (8): Undefined index:  Question in [E:\wamp\www\website\discoverycast\app\views\questions\share.ctp, line 254]
2011-12-10 15:51:40 Debug: Notice (8): Undefined index:  Question in [E:\wamp\www\website\discoverycast\app\views\questions\share.ctp, line 256]
2011-12-10 15:52:25 Debug: Notice (8): Undefined index:  Question in [E:\wamp\www\website\discoverycast\app\views\questions\share.ctp, line 7]
2011-12-10 15:52:25 Debug: Notice (8): Undefined index:  Question in [E:\wamp\www\website\discoverycast\app\views\questions\share.ctp, line 12]
2011-12-10 15:52:25 Debug: Notice (8): Undefined index:  Question in [E:\wamp\www\website\discoverycast\app\views\questions\share.ctp, line 17]
2011-12-10 15:52:25 Debug: Notice (8): Undefined index:  Question in [E:\wamp\www\website\discoverycast\app\views\questions\share.ctp, line 18]
2011-12-10 15:52:26 Debug: Notice (8): Undefined index:  Question in [E:\wamp\www\website\discoverycast\app\views\questions\share.ctp, line 19]
2011-12-10 15:52:26 Debug: Notice (8): Undefined index:  Question in [E:\wamp\www\website\discoverycast\app\views\questions\share.ctp, line 25]
2011-12-10 15:52:26 Debug: Notice (8): Undefined index:  Question in [E:\wamp\www\website\discoverycast\app\views\questions\share.ctp, line 27]
2011-12-10 15:52:26 Debug: Notice (8): Undefined index:  Question in [E:\wamp\www\website\discoverycast\app\views\questions\share.ctp, line 34]
2011-12-10 15:52:26 Debug: Notice (8): Undefined index:  Question in [E:\wamp\www\website\discoverycast\app\views\questions\share.ctp, line 42]
2011-12-10 15:52:26 Debug: Notice (8): Undefined index:  Question in [E:\wamp\www\website\discoverycast\app\views\questions\share.ctp, line 48]
2011-12-10 15:52:26 Debug: Notice (8): Uninitialized string offset:  0 in [E:\wamp\www\website\discoverycast\app\views\questions\share.ctp, line 59]
2011-12-10 15:52:26 Debug: Notice (8): Uninitialized string offset:  0 in [E:\wamp\www\website\discoverycast\app\views\questions\share.ctp, line 104]
2011-12-10 15:52:26 Debug: Notice (8): Uninitialized string offset:  0 in [E:\wamp\www\website\discoverycast\app\views\questions\share.ctp, line 149]
2011-12-10 15:52:26 Debug: Notice (8): Uninitialized string offset:  0 in [E:\wamp\www\website\discoverycast\app\views\questions\share.ctp, line 193]
2011-12-10 15:52:26 Debug: Notice (8): Undefined index:  Question in [E:\wamp\www\website\discoverycast\app\views\questions\share.ctp, line 253]
2011-12-10 15:52:26 Debug: Notice (8): Undefined index:  Question in [E:\wamp\www\website\discoverycast\app\views\questions\share.ctp, line 254]
2011-12-10 15:52:26 Debug: Notice (8): Undefined index:  Question in [E:\wamp\www\website\discoverycast\app\views\questions\share.ctp, line 256]
2011-12-10 15:53:09 Debug: Notice (8): Undefined index:  Question in [E:\wamp\www\website\discoverycast\app\views\questions\share.ctp, line 7]
2011-12-10 15:53:09 Debug: Notice (8): Undefined index:  Question in [E:\wamp\www\website\discoverycast\app\views\questions\share.ctp, line 12]
2011-12-10 15:53:09 Debug: Notice (8): Undefined index:  Question in [E:\wamp\www\website\discoverycast\app\views\questions\share.ctp, line 17]
2011-12-10 15:53:09 Debug: Notice (8): Undefined index:  Question in [E:\wamp\www\website\discoverycast\app\views\questions\share.ctp, line 18]
2011-12-10 15:53:09 Debug: Notice (8): Undefined index:  Question in [E:\wamp\www\website\discoverycast\app\views\questions\share.ctp, line 19]
2011-12-10 15:53:09 Debug: Notice (8): Undefined index:  Question in [E:\wamp\www\website\discoverycast\app\views\questions\share.ctp, line 25]
2011-12-10 15:53:09 Debug: Notice (8): Undefined index:  Question in [E:\wamp\www\website\discoverycast\app\views\questions\share.ctp, line 27]
2011-12-10 15:53:09 Debug: Notice (8): Undefined index:  Question in [E:\wamp\www\website\discoverycast\app\views\questions\share.ctp, line 34]
2011-12-10 15:53:09 Debug: Notice (8): Undefined index:  Question in [E:\wamp\www\website\discoverycast\app\views\questions\share.ctp, line 42]
2011-12-10 15:53:10 Debug: Notice (8): Undefined index:  Question in [E:\wamp\www\website\discoverycast\app\views\questions\share.ctp, line 48]
2011-12-10 15:53:10 Debug: Notice (8): Uninitialized string offset:  0 in [E:\wamp\www\website\discoverycast\app\views\questions\share.ctp, line 59]
2011-12-10 15:53:10 Debug: Notice (8): Uninitialized string offset:  0 in [E:\wamp\www\website\discoverycast\app\views\questions\share.ctp, line 104]
2011-12-10 15:53:10 Debug: Notice (8): Uninitialized string offset:  0 in [E:\wamp\www\website\discoverycast\app\views\questions\share.ctp, line 149]
2011-12-10 15:53:10 Debug: Notice (8): Uninitialized string offset:  0 in [E:\wamp\www\website\discoverycast\app\views\questions\share.ctp, line 193]
2011-12-10 15:53:10 Debug: Notice (8): Undefined index:  Question in [E:\wamp\www\website\discoverycast\app\views\questions\share.ctp, line 253]
2011-12-10 15:53:10 Debug: Notice (8): Undefined index:  Question in [E:\wamp\www\website\discoverycast\app\views\questions\share.ctp, line 254]
2011-12-10 15:53:10 Debug: Notice (8): Undefined index:  Question in [E:\wamp\www\website\discoverycast\app\views\questions\share.ctp, line 256]
2011-12-10 15:53:41 Debug: Notice (8): Undefined index:  Question in [E:\wamp\www\website\discoverycast\app\views\questions\share.ctp, line 7]
2011-12-10 15:53:41 Debug: Notice (8): Undefined index:  Question in [E:\wamp\www\website\discoverycast\app\views\questions\share.ctp, line 12]
2011-12-10 15:53:41 Debug: Notice (8): Undefined index:  Question in [E:\wamp\www\website\discoverycast\app\views\questions\share.ctp, line 17]
2011-12-10 15:53:41 Debug: Notice (8): Undefined index:  Question in [E:\wamp\www\website\discoverycast\app\views\questions\share.ctp, line 18]
2011-12-10 15:53:41 Debug: Notice (8): Undefined index:  Question in [E:\wamp\www\website\discoverycast\app\views\questions\share.ctp, line 19]
2011-12-10 15:53:41 Debug: Notice (8): Undefined index:  Question in [E:\wamp\www\website\discoverycast\app\views\questions\share.ctp, line 25]
2011-12-10 15:53:41 Debug: Notice (8): Undefined index:  Question in [E:\wamp\www\website\discoverycast\app\views\questions\share.ctp, line 27]
2011-12-10 15:53:41 Debug: Notice (8): Undefined index:  Question in [E:\wamp\www\website\discoverycast\app\views\questions\share.ctp, line 34]
2011-12-10 15:53:41 Debug: Notice (8): Undefined index:  Question in [E:\wamp\www\website\discoverycast\app\views\questions\share.ctp, line 42]
2011-12-10 15:53:41 Debug: Notice (8): Undefined index:  Question in [E:\wamp\www\website\discoverycast\app\views\questions\share.ctp, line 48]
2011-12-10 15:53:41 Debug: Notice (8): Uninitialized string offset:  0 in [E:\wamp\www\website\discoverycast\app\views\questions\share.ctp, line 59]
2011-12-10 15:53:41 Debug: Notice (8): Uninitialized string offset:  0 in [E:\wamp\www\website\discoverycast\app\views\questions\share.ctp, line 104]
2011-12-10 15:53:41 Debug: Notice (8): Uninitialized string offset:  0 in [E:\wamp\www\website\discoverycast\app\views\questions\share.ctp, line 149]
2011-12-10 15:53:41 Debug: Notice (8): Uninitialized string offset:  0 in [E:\wamp\www\website\discoverycast\app\views\questions\share.ctp, line 193]
2011-12-10 15:53:41 Debug: Notice (8): Undefined index:  Question in [E:\wamp\www\website\discoverycast\app\views\questions\share.ctp, line 253]
2011-12-10 15:53:41 Debug: Notice (8): Undefined index:  Question in [E:\wamp\www\website\discoverycast\app\views\questions\share.ctp, line 254]
2011-12-10 15:53:41 Debug: Notice (8): Undefined index:  Question in [E:\wamp\www\website\discoverycast\app\views\questions\share.ctp, line 256]
2011-12-10 18:07:51 Debug: Notice (8): Undefined index:  idea in [E:\wamp\www\website\discoverycast\app\views\questions\share.ctp, line 59]
2011-12-10 18:07:51 Debug: Notice (8): Undefined index:  id in [E:\wamp\www\website\discoverycast\app\views\questions\share.ctp, line 59]
2011-12-10 18:07:51 Debug: Notice (8): Undefined index:  idea in [E:\wamp\www\website\discoverycast\app\views\questions\share.ctp, line 104]
2011-12-10 18:07:51 Debug: Notice (8): Undefined index:  id in [E:\wamp\www\website\discoverycast\app\views\questions\share.ctp, line 104]
2011-12-10 18:07:51 Debug: Notice (8): Undefined index:  idea in [E:\wamp\www\website\discoverycast\app\views\questions\share.ctp, line 149]
2011-12-10 18:07:51 Debug: Notice (8): Undefined index:  id in [E:\wamp\www\website\discoverycast\app\views\questions\share.ctp, line 149]
2011-12-10 18:07:51 Debug: Notice (8): Undefined index:  idea in [E:\wamp\www\website\discoverycast\app\views\questions\share.ctp, line 193]
2011-12-10 18:07:51 Debug: Notice (8): Undefined index:  id in [E:\wamp\www\website\discoverycast\app\views\questions\share.ctp, line 193]
2011-12-10 18:19:19 Debug: Notice (8): Undefined variable: data in [E:\wamp\www\website\discoverycast\app\views\questions\share.ctp, line 51]
2011-12-10 18:19:19 Debug: Notice (8): Undefined index:  idea in [E:\wamp\www\website\discoverycast\app\views\questions\share.ctp, line 61]
2011-12-10 18:19:19 Debug: Notice (8): Undefined index:  id in [E:\wamp\www\website\discoverycast\app\views\questions\share.ctp, line 61]
2011-12-10 18:19:19 Debug: Notice (8): Undefined index:  idea in [E:\wamp\www\website\discoverycast\app\views\questions\share.ctp, line 106]
2011-12-10 18:19:19 Debug: Notice (8): Undefined index:  id in [E:\wamp\www\website\discoverycast\app\views\questions\share.ctp, line 106]
2011-12-10 18:19:19 Debug: Notice (8): Undefined index:  idea in [E:\wamp\www\website\discoverycast\app\views\questions\share.ctp, line 151]
2011-12-10 18:19:19 Debug: Notice (8): Undefined index:  id in [E:\wamp\www\website\discoverycast\app\views\questions\share.ctp, line 151]
2011-12-10 18:19:19 Debug: Notice (8): Undefined index:  idea in [E:\wamp\www\website\discoverycast\app\views\questions\share.ctp, line 195]
2011-12-10 18:19:19 Debug: Notice (8): Undefined index:  id in [E:\wamp\www\website\discoverycast\app\views\questions\share.ctp, line 195]
2011-12-10 18:22:02 Debug: Notice (8): Undefined variable: id in [E:\wamp\www\website\discoverycast\app\views\helpers\ideatree.php, line 16]
2011-12-10 18:22:02 Debug: Notice (8): Undefined index:  idea in [E:\wamp\www\website\discoverycast\app\views\questions\share.ctp, line 62]
2011-12-10 18:22:02 Debug: Notice (8): Undefined index:  id in [E:\wamp\www\website\discoverycast\app\views\questions\share.ctp, line 62]
2011-12-10 18:22:02 Debug: Notice (8): Undefined index:  idea in [E:\wamp\www\website\discoverycast\app\views\questions\share.ctp, line 107]
2011-12-10 18:22:02 Debug: Notice (8): Undefined index:  id in [E:\wamp\www\website\discoverycast\app\views\questions\share.ctp, line 107]
2011-12-10 18:22:02 Debug: Notice (8): Undefined index:  idea in [E:\wamp\www\website\discoverycast\app\views\questions\share.ctp, line 152]
2011-12-10 18:22:02 Debug: Notice (8): Undefined index:  id in [E:\wamp\www\website\discoverycast\app\views\questions\share.ctp, line 152]
2011-12-10 18:22:02 Debug: Notice (8): Undefined index:  idea in [E:\wamp\www\website\discoverycast\app\views\questions\share.ctp, line 196]
2011-12-10 18:22:02 Debug: Notice (8): Undefined index:  id in [E:\wamp\www\website\discoverycast\app\views\questions\share.ctp, line 196]
2011-12-10 18:22:19 Debug: Notice (8): Undefined index:  idea in [E:\wamp\www\website\discoverycast\app\views\questions\share.ctp, line 62]
2011-12-10 18:22:19 Debug: Notice (8): Undefined index:  id in [E:\wamp\www\website\discoverycast\app\views\questions\share.ctp, line 62]
2011-12-10 18:22:19 Debug: Notice (8): Undefined index:  idea in [E:\wamp\www\website\discoverycast\app\views\questions\share.ctp, line 107]
2011-12-10 18:22:19 Debug: Notice (8): Undefined index:  id in [E:\wamp\www\website\discoverycast\app\views\questions\share.ctp, line 107]
2011-12-10 18:22:19 Debug: Notice (8): Undefined index:  idea in [E:\wamp\www\website\discoverycast\app\views\questions\share.ctp, line 152]
2011-12-10 18:22:19 Debug: Notice (8): Undefined index:  id in [E:\wamp\www\website\discoverycast\app\views\questions\share.ctp, line 152]
2011-12-10 18:22:19 Debug: Notice (8): Undefined index:  idea in [E:\wamp\www\website\discoverycast\app\views\questions\share.ctp, line 196]
2011-12-10 18:22:19 Debug: Notice (8): Undefined index:  id in [E:\wamp\www\website\discoverycast\app\views\questions\share.ctp, line 196]
2011-12-10 18:32:48 Debug: Notice (8): Undefined property: IdeatreeHelper::$Html in [E:\wamp\www\website\discoverycast\app\views\helpers\ideatree.php, line 26]
2011-12-10 18:34:11 Debug: Notice (8): Undefined property: IdeatreeHelper::$Html in [E:\wamp\www\website\discoverycast\app\views\helpers\ideatree.php, line 26]
2011-12-10 18:34:17 Debug: Notice (8): Undefined property: IdeatreeHelper::$Html in [E:\wamp\www\website\discoverycast\app\views\helpers\ideatree.php, line 26]
2011-12-10 18:35:11 Debug: Notice (8): Undefined property: IdeatreeHelper::$Html in [E:\wamp\www\website\discoverycast\app\views\helpers\ideatree.php, line 26]
2011-12-10 18:46:44 Debug: Notice (8): Undefined variable: sv in [E:\wamp\www\website\discoverycast\app\views\helpers\ideatree.php, line 32]
2011-12-10 18:48:08 Debug: Notice (8): Undefined variable: val in [E:\wamp\www\website\discoverycast\app\views\helpers\ideatree.php, line 67]
2011-12-10 18:48:36 Debug: Notice (8): Undefined index:  idea in [E:\wamp\www\website\discoverycast\app\views\helpers\ideatree.php, line 32]
2011-12-10 18:48:36 Debug: Notice (8): Undefined index:  id in [E:\wamp\www\website\discoverycast\app\views\helpers\ideatree.php, line 32]
2011-12-10 19:17:15 Debug: Notice (8): Undefined index:  Question in [E:\wamp\www\website\discoverycast\app\views\helpers\ideatree.php, line 32]
2011-12-10 19:17:15 Debug: Notice (8): Undefined index:  Question in [E:\wamp\www\website\discoverycast\app\views\helpers\ideatree.php, line 36]
2011-12-10 19:17:15 Debug: Notice (8): Undefined index:  Question in [E:\wamp\www\website\discoverycast\app\views\helpers\ideatree.php, line 40]
2011-12-10 19:17:19 Debug: Notice (8): Undefined index:  Question in [E:\wamp\www\website\discoverycast\app\views\helpers\ideatree.php, line 32]
2011-12-10 19:17:19 Debug: Notice (8): Undefined index:  Question in [E:\wamp\www\website\discoverycast\app\views\helpers\ideatree.php, line 36]
2011-12-10 19:17:19 Debug: Notice (8): Undefined index:  Question in [E:\wamp\www\website\discoverycast\app\views\helpers\ideatree.php, line 40]
2011-12-10 19:17:37 Debug: Notice (8): Undefined index:  Question in [E:\wamp\www\website\discoverycast\app\views\helpers\ideatree.php, line 32]
2011-12-10 19:17:37 Debug: Notice (8): Undefined index:  Question in [E:\wamp\www\website\discoverycast\app\views\helpers\ideatree.php, line 36]
2011-12-10 19:17:37 Debug: Notice (8): Undefined index:  Question in [E:\wamp\www\website\discoverycast\app\views\helpers\ideatree.php, line 40]
2011-12-10 19:17:38 Debug: Notice (8): Undefined index:  Question in [E:\wamp\www\website\discoverycast\app\views\helpers\ideatree.php, line 32]
2011-12-10 19:17:38 Debug: Notice (8): Undefined index:  Question in [E:\wamp\www\website\discoverycast\app\views\helpers\ideatree.php, line 36]
2011-12-10 19:17:38 Debug: Notice (8): Undefined index:  Question in [E:\wamp\www\website\discoverycast\app\views\helpers\ideatree.php, line 40]
2011-12-10 19:18:58 Debug: Notice (8): Undefined index:  Question in [E:\wamp\www\website\discoverycast\app\views\helpers\ideatree.php, line 32]
2011-12-10 19:18:58 Debug: Notice (8): Undefined index:  Question in [E:\wamp\www\website\discoverycast\app\views\helpers\ideatree.php, line 36]
2011-12-10 19:18:58 Debug: Notice (8): Undefined index:  Question in [E:\wamp\www\website\discoverycast\app\views\helpers\ideatree.php, line 40]
2011-12-10 20:07:31 Debug: Notice (8): Undefined variable: type in [E:\wamp\www\website\discoverycast\app\controllers\questions_controller.php, line 270]
2011-12-10 20:07:31 Debug: Notice (8): Undefined variable: v in [E:\wamp\www\website\discoverycast\app\views\questions\add_idea.ctp, line 1]
2011-12-10 20:07:46 Debug: Notice (8): Undefined variable: type in [E:\wamp\www\website\discoverycast\app\controllers\questions_controller.php, line 270]
2011-12-10 20:07:46 Debug: Notice (8): Undefined variable: v in [E:\wamp\www\website\discoverycast\app\views\questions\add_idea.ctp, line 1]
2011-12-10 20:09:44 Debug: Notice (8): Undefined variable: type in [E:\wamp\www\website\discoverycast\app\controllers\questions_controller.php, line 271]
2011-12-10 20:15:34 Debug: Notice (8): Undefined variable: type in [E:\wamp\www\website\discoverycast\app\controllers\questions_controller.php, line 271]
2011-12-11 06:04:36 Debug: Notice (8): Undefined variable: event_array in [E:\wamp\www\website\discoverycast\app\views\home\help.ctp, line 1]
2011-12-11 14:14:24 Debug: Notice (8): Undefined variable: question_id in [E:\wamp\www\website\discoverycast\app\controllers\questions_controller.php, line 281]
2011-12-11 14:14:24 Debug: Notice (8): Undefined variable: type in [E:\wamp\www\website\discoverycast\app\controllers\questions_controller.php, line 286]
2011-12-11 14:14:24 Debug: Notice (8): Undefined variable: question_id in [E:\wamp\www\website\discoverycast\app\controllers\questions_controller.php, line 295]
2011-12-11 14:14:24 Debug: Notice (8): Undefined variable: question_id in [E:\wamp\www\website\discoverycast\app\controllers\questions_controller.php, line 316]
2011-12-11 14:15:53 Debug: Notice (8): Undefined variable: type in [E:\wamp\www\website\discoverycast\app\controllers\questions_controller.php, line 286]
2011-12-11 14:16:23 Debug: Notice (8): Undefined variable: type in [E:\wamp\www\website\discoverycast\app\controllers\questions_controller.php, line 286]
2011-12-11 14:17:12 Debug: Notice (8): Undefined variable: type in [E:\wamp\www\website\discoverycast\app\controllers\questions_controller.php, line 286]
2011-12-11 14:27:15 Debug: Notice (8): Undefined index:  type in [E:\wamp\www\website\discoverycast\app\views\helpers\ideatree.php, line 82]
2011-12-11 15:10:55 Debug: Notice (8): Undefined variable: idea_id in [E:\wamp\www\website\discoverycast\app\controllers\questions_controller.php, line 364]
2011-12-11 15:10:55 Debug: Notice (8): Undefined variable: idea_id in [E:\wamp\www\website\discoverycast\app\controllers\questions_controller.php, line 366]
2011-12-11 15:10:55 Debug: Notice (8): Undefined variable: tag_id in [E:\wamp\www\website\discoverycast\app\controllers\questions_controller.php, line 366]
2011-12-11 15:10:55 Debug: Notice (8): Undefined variable: tag_id in [E:\wamp\www\website\discoverycast\app\controllers\questions_controller.php, line 347]
2011-12-11 15:10:55 Debug: Notice (8): Undefined variable: idea_id in [E:\wamp\www\website\discoverycast\app\controllers\questions_controller.php, line 347]
2011-12-11 15:10:55 Debug: Notice (8): Undefined variable: tag_id in [E:\wamp\www\website\discoverycast\app\controllers\questions_controller.php, line 347]
2011-12-11 15:10:55 Debug: Notice (8): Undefined variable: idea_id in [E:\wamp\www\website\discoverycast\app\controllers\questions_controller.php, line 347]
2011-12-11 15:10:56 Debug: Notice (8): Undefined variable: tag_id in [E:\wamp\www\website\discoverycast\app\controllers\questions_controller.php, line 347]
2011-12-11 15:10:56 Debug: Notice (8): Undefined variable: idea_id in [E:\wamp\www\website\discoverycast\app\controllers\questions_controller.php, line 347]
2011-12-11 15:10:56 Debug: Notice (8): Undefined variable: tag_id in [E:\wamp\www\website\discoverycast\app\controllers\questions_controller.php, line 347]
2011-12-11 15:10:56 Debug: Notice (8): Undefined variable: idea_id in [E:\wamp\www\website\discoverycast\app\controllers\questions_controller.php, line 347]
2011-12-11 15:10:56 Debug: Notice (8): Undefined variable: tag_id in [E:\wamp\www\website\discoverycast\app\controllers\questions_controller.php, line 347]
2011-12-11 15:10:56 Debug: Notice (8): Undefined variable: idea_id in [E:\wamp\www\website\discoverycast\app\controllers\questions_controller.php, line 347]
2011-12-11 15:10:56 Debug: Notice (8): Undefined variable: tag_id in [E:\wamp\www\website\discoverycast\app\controllers\questions_controller.php, line 347]
2011-12-11 15:10:56 Debug: Notice (8): Undefined variable: idea_id in [E:\wamp\www\website\discoverycast\app\controllers\questions_controller.php, line 347]
2011-12-11 15:10:56 Debug: Notice (8): Undefined variable: tag_id in [E:\wamp\www\website\discoverycast\app\controllers\questions_controller.php, line 347]
2011-12-11 15:10:56 Debug: Notice (8): Undefined variable: idea_id in [E:\wamp\www\website\discoverycast\app\controllers\questions_controller.php, line 347]
2011-12-11 15:12:16 Debug: Notice (8): Undefined variable: idea_id in [E:\wamp\www\website\discoverycast\app\controllers\questions_controller.php, line 364]
2011-12-11 15:12:16 Debug: Notice (8): Undefined variable: idea_id in [E:\wamp\www\website\discoverycast\app\controllers\questions_controller.php, line 366]
2011-12-11 15:12:16 Debug: Notice (8): Undefined variable: tag_id in [E:\wamp\www\website\discoverycast\app\controllers\questions_controller.php, line 366]
2011-12-11 15:13:10 Debug: Notice (8): Undefined variable: tag_id in [E:\wamp\www\website\discoverycast\app\controllers\questions_controller.php, line 347]
2011-12-11 15:13:10 Debug: Notice (8): Undefined variable: tag_id in [E:\wamp\www\website\discoverycast\app\controllers\questions_controller.php, line 352]
2011-12-11 15:13:11 Debug: Notice (8): Undefined variable: tag_id in [E:\wamp\www\website\discoverycast\app\controllers\questions_controller.php, line 347]
2011-12-11 15:14:39 Debug: Notice (8): Undefined variable: tag_id in [E:\wamp\www\website\discoverycast\app\controllers\questions_controller.php, line 367]
2011-12-11 15:26:10 Debug: Notice (8): Undefined variable: event_array in [E:\wamp\www\website\discoverycast\app\views\home\help.ctp, line 1]
2011-12-14 19:22:33 Debug: Notice (8): Undefined property: UsersController::$UsersFavoriteIdea in [E:\wamp\www\website\discoverycast\app\controllers\users_controller.php, line 290]
2011-12-14 19:33:22 Debug: Notice (8): Undefined property: UsersController::$UsersBigIdeaIdea in [E:\wamp\www\website\discoverycast\app\controllers\users_controller.php, line 301]
2011-12-14 19:57:47 Debug: Notice (8): Undefined property: UsersController::$Idea in [E:\wamp\www\website\discoverycast\app\controllers\users_controller.php, line 318]
2011-12-14 19:58:36 Debug: Notice (8): Undefined variable: favorite_idea_count in [E:\wamp\www\website\discoverycast\app\controllers\users_controller.php, line 321]
2011-12-14 19:58:37 Debug: Notice (8): Undefined variable: favorite_idea_count in [E:\wamp\www\website\discoverycast\app\controllers\users_controller.php, line 321]
2011-12-14 20:18:15 Debug: Notice (8): Undefined variable: event_array in [E:\wamp\www\website\discoverycast\app\views\home\help.ctp, line 1]
2011-12-15 17:51:40 Debug: Notice (8): Undefined variable: title_for_layout in [E:\wamp\www\website\discoverycast\app\views\users\edit.ctp, line 2]
2011-12-15 18:37:16 Debug: Notice (8): Undefined variable: modelName in [E:\wamp\www\website\discoverycast\app\views\users\index.ctp, line 138]
2011-12-15 18:37:16 Debug: Notice (8): Undefined index:   in [E:\wamp\www\website\discoverycast\app\views\users\index.ctp, line 138]
2011-12-15 18:37:16 Debug: Notice (8): Undefined variable: id in [E:\wamp\www\website\discoverycast\app\views\users\index.ctp, line 138]
2011-12-15 18:37:23 Debug: Notice (8): Undefined variable: modelName in [E:\wamp\www\website\discoverycast\app\views\users\index.ctp, line 138]
2011-12-15 18:37:23 Debug: Notice (8): Undefined index:   in [E:\wamp\www\website\discoverycast\app\views\users\index.ctp, line 138]
2011-12-15 18:37:23 Debug: Notice (8): Undefined variable: id in [E:\wamp\www\website\discoverycast\app\views\users\index.ctp, line 138]
2011-12-15 18:38:44 Debug: Notice (8): Undefined variable: modelName in [E:\wamp\www\website\discoverycast\app\views\users\index.ctp, line 138]
2011-12-15 18:38:44 Debug: Notice (8): Undefined index:   in [E:\wamp\www\website\discoverycast\app\views\users\index.ctp, line 138]
2011-12-15 18:38:44 Debug: Notice (8): Undefined variable: id in [E:\wamp\www\website\discoverycast\app\views\users\index.ctp, line 138]
2011-12-15 18:39:14 Debug: Notice (8): Undefined variable: id in [E:\wamp\www\website\discoverycast\app\views\users\index.ctp, line 138]
2011-12-15 18:39:14 Debug: Notice (8): Undefined index:   in [E:\wamp\www\website\discoverycast\app\views\users\index.ctp, line 138]
2011-12-15 18:44:26 Debug: Notice (8): Undefined variable: ideatree in [E:\wamp\www\website\discoverycast\app\views\users\index.ctp, line 138]
2011-12-15 18:45:07 Debug: Notice (8): Undefined variable: val in [E:\wamp\www\website\discoverycast\app\views\users\index.ctp, line 140]
2011-12-15 18:45:07 Debug: Notice (8): Undefined variable: val in [E:\wamp\www\website\discoverycast\app\views\users\index.ctp, line 144]
2011-12-15 18:45:07 Debug: Notice (8): Undefined variable: val in [E:\wamp\www\website\discoverycast\app\views\users\index.ctp, line 148]
2011-12-15 18:45:07 Debug: Notice (8): Undefined variable: id in [E:\wamp\www\website\discoverycast\app\views\users\index.ctp, line 153]
2011-12-15 18:45:07 Debug: Notice (8): Undefined index:   in [E:\wamp\www\website\discoverycast\app\views\users\index.ctp, line 153]
2011-12-15 18:45:33 Debug: Notice (8): Undefined variable: id in [E:\wamp\www\website\discoverycast\app\views\users\index.ctp, line 140]
2011-12-15 18:45:33 Debug: Notice (8): Undefined index:   in [E:\wamp\www\website\discoverycast\app\views\users\index.ctp, line 140]
2011-12-16 02:08:05 Debug: Notice (8): Undefined index:  User in [E:\wamp\www\website\discoverycast\app\views\helpers\ideatree.php, line 129]
2011-12-16 02:08:53 Debug: Notice (8): Undefined index:  User in [E:\wamp\www\website\discoverycast\app\views\helpers\ideatree.php, line 129]
2011-12-16 02:09:22 Debug: Notice (8): Undefined index:  User in [E:\wamp\www\website\discoverycast\app\views\helpers\ideatree.php, line 129]
2011-12-16 02:10:27 Debug: Notice (8): Undefined index:  User in [E:\wamp\www\website\discoverycast\app\views\helpers\ideatree.php, line 129]
2011-12-16 02:10:31 Debug: Notice (8): Undefined index:  User in [E:\wamp\www\website\discoverycast\app\views\helpers\ideatree.php, line 129]
2011-12-16 02:15:15 Debug: Notice (8): Undefined index:  Question in [E:\wamp\www\website\discoverycast\app\views\helpers\ideatree.php, line 91]
2011-12-16 02:15:15 Debug: Notice (8): Undefined index:  Question in [E:\wamp\www\website\discoverycast\app\views\helpers\ideatree.php, line 95]
2011-12-16 02:15:15 Debug: Notice (8): Undefined index:  Question in [E:\wamp\www\website\discoverycast\app\views\helpers\ideatree.php, line 99]
2011-12-16 02:15:15 Debug: Notice (8): Undefined index:  User in [E:\wamp\www\website\discoverycast\app\views\helpers\ideatree.php, line 129]
2011-12-16 02:16:36 Debug: Notice (8): Undefined index:  Question in [E:\wamp\www\website\discoverycast\app\views\helpers\ideatree.php, line 91]
2011-12-16 02:16:36 Debug: Notice (8): Undefined index:  Question in [E:\wamp\www\website\discoverycast\app\views\helpers\ideatree.php, line 95]
2011-12-16 02:16:36 Debug: Notice (8): Undefined index:  Question in [E:\wamp\www\website\discoverycast\app\views\helpers\ideatree.php, line 99]
2011-12-16 02:16:36 Debug: Notice (8): Undefined index:  User in [E:\wamp\www\website\discoverycast\app\views\helpers\ideatree.php, line 129]
2011-12-16 02:18:16 Debug: Notice (8): Undefined index:  Question in [E:\wamp\www\website\discoverycast\app\views\helpers\ideatree.php, line 91]
2011-12-16 02:18:16 Debug: Notice (8): Undefined index:  Question in [E:\wamp\www\website\discoverycast\app\views\helpers\ideatree.php, line 95]
2011-12-16 02:18:16 Debug: Notice (8): Undefined index:  Question in [E:\wamp\www\website\discoverycast\app\views\helpers\ideatree.php, line 99]
2011-12-16 02:18:16 Debug: Notice (8): Undefined index:  User in [E:\wamp\www\website\discoverycast\app\views\helpers\ideatree.php, line 129]
2011-12-16 02:18:37 Debug: Notice (8): Undefined index:  Question in [E:\wamp\www\website\discoverycast\app\views\helpers\ideatree.php, line 91]
2011-12-16 02:18:37 Debug: Notice (8): Undefined index:  Question in [E:\wamp\www\website\discoverycast\app\views\helpers\ideatree.php, line 95]
2011-12-16 02:18:37 Debug: Notice (8): Undefined index:  Question in [E:\wamp\www\website\discoverycast\app\views\helpers\ideatree.php, line 99]
2011-12-16 02:18:37 Debug: Notice (8): Undefined index:  User in [E:\wamp\www\website\discoverycast\app\views\helpers\ideatree.php, line 129]
2011-12-16 02:20:53 Debug: Notice (8): Undefined index:  Question in [E:\wamp\www\website\discoverycast\app\views\helpers\ideatree.php, line 91]
2011-12-16 02:20:53 Debug: Notice (8): Undefined index:  Question in [E:\wamp\www\website\discoverycast\app\views\helpers\ideatree.php, line 95]
2011-12-16 02:20:53 Debug: Notice (8): Undefined index:  Question in [E:\wamp\www\website\discoverycast\app\views\helpers\ideatree.php, line 99]
2011-12-16 02:20:53 Debug: Notice (8): Undefined index:  User in [E:\wamp\www\website\discoverycast\app\views\helpers\ideatree.php, line 129]
2011-12-16 02:21:30 Debug: Notice (8): Undefined index:  Question in [E:\wamp\www\website\discoverycast\app\views\helpers\ideatree.php, line 91]
2011-12-16 02:21:30 Debug: Notice (8): Undefined index:  Question in [E:\wamp\www\website\discoverycast\app\views\helpers\ideatree.php, line 95]
2011-12-16 02:21:30 Debug: Notice (8): Undefined index:  Question in [E:\wamp\www\website\discoverycast\app\views\helpers\ideatree.php, line 99]
2011-12-16 02:21:30 Debug: Notice (8): Undefined index:  User in [E:\wamp\www\website\discoverycast\app\views\helpers\ideatree.php, line 129]
2011-12-16 02:22:49 Debug: Notice (8): Undefined index:  Question in [E:\wamp\www\website\discoverycast\app\views\helpers\ideatree.php, line 91]
2011-12-16 02:22:49 Debug: Notice (8): Undefined index:  Question in [E:\wamp\www\website\discoverycast\app\views\helpers\ideatree.php, line 95]
2011-12-16 02:22:49 Debug: Notice (8): Undefined index:  Question in [E:\wamp\www\website\discoverycast\app\views\helpers\ideatree.php, line 99]
2011-12-16 02:22:49 Debug: Notice (8): Undefined index:  User in [E:\wamp\www\website\discoverycast\app\views\helpers\ideatree.php, line 129]
2011-12-16 02:23:58 Debug: Notice (8): Undefined index:  Question in [E:\wamp\www\website\discoverycast\app\views\helpers\ideatree.php, line 91]
2011-12-16 02:23:58 Debug: Notice (8): Undefined index:  Question in [E:\wamp\www\website\discoverycast\app\views\helpers\ideatree.php, line 95]
2011-12-16 02:23:58 Debug: Notice (8): Undefined index:  Question in [E:\wamp\www\website\discoverycast\app\views\helpers\ideatree.php, line 99]
2011-12-16 02:23:58 Debug: Notice (8): Undefined index:  User in [E:\wamp\www\website\discoverycast\app\views\helpers\ideatree.php, line 129]
2011-12-16 02:24:49 Debug: Notice (8): Undefined index:  Question in [E:\wamp\www\website\discoverycast\app\views\helpers\ideatree.php, line 91]
2011-12-16 02:24:49 Debug: Notice (8): Undefined index:  Question in [E:\wamp\www\website\discoverycast\app\views\helpers\ideatree.php, line 95]
2011-12-16 02:24:49 Debug: Notice (8): Undefined index:  Question in [E:\wamp\www\website\discoverycast\app\views\helpers\ideatree.php, line 99]
2011-12-16 02:24:49 Debug: Notice (8): Undefined index:  User in [E:\wamp\www\website\discoverycast\app\views\helpers\ideatree.php, line 129]
2011-12-16 02:26:39 Debug: Notice (8): Undefined index:  Question in [E:\wamp\www\website\discoverycast\app\views\helpers\ideatree.php, line 91]
2011-12-16 02:26:39 Debug: Notice (8): Undefined index:  Question in [E:\wamp\www\website\discoverycast\app\views\helpers\ideatree.php, line 95]
2011-12-16 02:26:40 Debug: Notice (8): Undefined index:  Question in [E:\wamp\www\website\discoverycast\app\views\helpers\ideatree.php, line 99]
2011-12-16 02:26:40 Debug: Notice (8): Undefined index:  User in [E:\wamp\www\website\discoverycast\app\views\helpers\ideatree.php, line 129]
2011-12-16 17:45:32 Debug: Notice (8): Undefined variable: event_array in [E:\wamp\www\website\discoverycast\app\views\home\help.ctp, line 1]
2011-12-17 19:30:58 Debug: Notice (8): Undefined variable: to_pass in [E:\wamp\www\website\discoverycast\app\views\questions\view_idea.ctp, line 67]
2011-12-17 19:30:58 Debug: Notice (8): Undefined variable: to_pass in [E:\wamp\www\website\discoverycast\app\views\questions\view_idea.ctp, line 70]
2011-12-17 19:30:59 Debug: Notice (8): Undefined variable: to_pass in [E:\wamp\www\website\discoverycast\app\views\questions\view_idea.ctp, line 67]
2011-12-17 19:30:59 Debug: Notice (8): Undefined variable: to_pass in [E:\wamp\www\website\discoverycast\app\views\questions\view_idea.ctp, line 70]
2011-12-17 19:30:59 Debug: Notice (8): Undefined variable: to_pass in [E:\wamp\www\website\discoverycast\app\views\questions\view_idea.ctp, line 67]
2011-12-17 19:30:59 Debug: Notice (8): Undefined variable: to_pass in [E:\wamp\www\website\discoverycast\app\views\questions\view_idea.ctp, line 70]
2011-12-17 19:30:59 Debug: Notice (8): Undefined variable: to_pass in [E:\wamp\www\website\discoverycast\app\views\questions\view_idea.ctp, line 67]
2011-12-17 19:30:59 Debug: Notice (8): Undefined variable: to_pass in [E:\wamp\www\website\discoverycast\app\views\questions\view_idea.ctp, line 70]
2011-12-17 19:30:59 Debug: Notice (8): Undefined variable: to_pass in [E:\wamp\www\website\discoverycast\app\views\questions\view_idea.ctp, line 67]
2011-12-17 19:30:59 Debug: Notice (8): Undefined variable: to_pass in [E:\wamp\www\website\discoverycast\app\views\questions\view_idea.ctp, line 70]
2011-12-17 19:31:00 Debug: Notice (8): Undefined variable: to_pass in [E:\wamp\www\website\discoverycast\app\views\questions\view_idea.ctp, line 67]
2011-12-17 19:31:00 Debug: Notice (8): Undefined variable: to_pass in [E:\wamp\www\website\discoverycast\app\views\questions\view_idea.ctp, line 70]
2011-12-17 19:31:00 Debug: Notice (8): Undefined variable: to_pass in [E:\wamp\www\website\discoverycast\app\views\questions\view_idea.ctp, line 67]
2011-12-17 19:31:00 Debug: Notice (8): Undefined variable: to_pass in [E:\wamp\www\website\discoverycast\app\views\questions\view_idea.ctp, line 70]
2011-12-17 19:32:16 Debug: Notice (8): Undefined variable: to_pass in [E:\wamp\www\website\discoverycast\app\views\questions\view_idea.ctp, line 67]
2011-12-17 19:32:16 Debug: Notice (8): Undefined variable: to_pass in [E:\wamp\www\website\discoverycast\app\views\questions\view_idea.ctp, line 70]
2011-12-17 19:32:17 Debug: Notice (8): Undefined variable: to_pass in [E:\wamp\www\website\discoverycast\app\views\questions\view_idea.ctp, line 67]
2011-12-17 19:32:17 Debug: Notice (8): Undefined variable: to_pass in [E:\wamp\www\website\discoverycast\app\views\questions\view_idea.ctp, line 70]
2011-12-17 19:32:17 Debug: Notice (8): Undefined variable: to_pass in [E:\wamp\www\website\discoverycast\app\views\questions\view_idea.ctp, line 67]
2011-12-17 19:32:17 Debug: Notice (8): Undefined variable: to_pass in [E:\wamp\www\website\discoverycast\app\views\questions\view_idea.ctp, line 70]
2011-12-17 19:32:18 Debug: Notice (8): Undefined variable: to_pass in [E:\wamp\www\website\discoverycast\app\views\questions\view_idea.ctp, line 67]
2011-12-17 19:32:18 Debug: Notice (8): Undefined variable: to_pass in [E:\wamp\www\website\discoverycast\app\views\questions\view_idea.ctp, line 70]
2011-12-17 19:32:18 Debug: Notice (8): Undefined variable: to_pass in [E:\wamp\www\website\discoverycast\app\views\questions\view_idea.ctp, line 67]
2011-12-17 19:32:18 Debug: Notice (8): Undefined variable: to_pass in [E:\wamp\www\website\discoverycast\app\views\questions\view_idea.ctp, line 70]
2011-12-17 19:32:19 Debug: Notice (8): Undefined variable: to_pass in [E:\wamp\www\website\discoverycast\app\views\questions\view_idea.ctp, line 67]
2011-12-17 19:32:19 Debug: Notice (8): Undefined variable: to_pass in [E:\wamp\www\website\discoverycast\app\views\questions\view_idea.ctp, line 70]
2011-12-17 19:32:19 Debug: Notice (8): Undefined variable: to_pass in [E:\wamp\www\website\discoverycast\app\views\questions\view_idea.ctp, line 67]
2011-12-17 19:32:19 Debug: Notice (8): Undefined variable: to_pass in [E:\wamp\www\website\discoverycast\app\views\questions\view_idea.ctp, line 70]
2011-12-17 19:32:19 Debug: Notice (8): Undefined variable: to_pass in [E:\wamp\www\website\discoverycast\app\views\questions\view_idea.ctp, line 67]
2011-12-17 19:32:19 Debug: Notice (8): Undefined variable: to_pass in [E:\wamp\www\website\discoverycast\app\views\questions\view_idea.ctp, line 70]
2011-12-17 19:32:19 Debug: Notice (8): Undefined variable: to_pass in [E:\wamp\www\website\discoverycast\app\views\questions\view_idea.ctp, line 67]
2011-12-17 19:32:19 Debug: Notice (8): Undefined variable: to_pass in [E:\wamp\www\website\discoverycast\app\views\questions\view_idea.ctp, line 70]
2011-12-17 19:32:45 Debug: Notice (8): Undefined variable: to_pass in [E:\wamp\www\website\discoverycast\app\views\questions\view_idea.ctp, line 67]
2011-12-17 19:32:45 Debug: Notice (8): Undefined variable: to_pass in [E:\wamp\www\website\discoverycast\app\views\questions\view_idea.ctp, line 70]
2011-12-17 19:32:46 Debug: Notice (8): Undefined variable: to_pass in [E:\wamp\www\website\discoverycast\app\views\questions\view_idea.ctp, line 67]
2011-12-17 19:32:46 Debug: Notice (8): Undefined variable: to_pass in [E:\wamp\www\website\discoverycast\app\views\questions\view_idea.ctp, line 70]
2011-12-17 19:32:47 Debug: Notice (8): Undefined variable: to_pass in [E:\wamp\www\website\discoverycast\app\views\questions\view_idea.ctp, line 67]
2011-12-17 19:32:47 Debug: Notice (8): Undefined variable: to_pass in [E:\wamp\www\website\discoverycast\app\views\questions\view_idea.ctp, line 70]
2011-12-17 19:32:47 Debug: Notice (8): Undefined variable: to_pass in [E:\wamp\www\website\discoverycast\app\views\questions\view_idea.ctp, line 67]
2011-12-17 19:32:47 Debug: Notice (8): Undefined variable: to_pass in [E:\wamp\www\website\discoverycast\app\views\questions\view_idea.ctp, line 70]
2011-12-17 19:32:47 Debug: Notice (8): Undefined variable: to_pass in [E:\wamp\www\website\discoverycast\app\views\questions\view_idea.ctp, line 67]
2011-12-17 19:32:47 Debug: Notice (8): Undefined variable: to_pass in [E:\wamp\www\website\discoverycast\app\views\questions\view_idea.ctp, line 70]
2011-12-17 19:32:47 Debug: Notice (8): Undefined variable: to_pass in [E:\wamp\www\website\discoverycast\app\views\questions\view_idea.ctp, line 67]
2011-12-17 19:32:47 Debug: Notice (8): Undefined variable: to_pass in [E:\wamp\www\website\discoverycast\app\views\questions\view_idea.ctp, line 70]
2011-12-17 19:32:47 Debug: Notice (8): Undefined variable: to_pass in [E:\wamp\www\website\discoverycast\app\views\questions\view_idea.ctp, line 67]
2011-12-17 19:32:47 Debug: Notice (8): Undefined variable: to_pass in [E:\wamp\www\website\discoverycast\app\views\questions\view_idea.ctp, line 70]
2011-12-17 19:32:47 Debug: Notice (8): Undefined variable: to_pass in [E:\wamp\www\website\discoverycast\app\views\questions\view_idea.ctp, line 67]
2011-12-17 19:32:47 Debug: Notice (8): Undefined variable: to_pass in [E:\wamp\www\website\discoverycast\app\views\questions\view_idea.ctp, line 70]
2011-12-17 19:34:31 Debug: Notice (8): Undefined variable: to_pass in [E:\wamp\www\website\discoverycast\app\views\questions\view_idea.ctp, line 67]
2011-12-17 19:34:31 Debug: Notice (8): Undefined variable: to_pass in [E:\wamp\www\website\discoverycast\app\views\questions\view_idea.ctp, line 70]
2011-12-17 19:34:31 Debug: Notice (8): Undefined variable: to_pass in [E:\wamp\www\website\discoverycast\app\views\questions\view_idea.ctp, line 67]
2011-12-17 19:34:31 Debug: Notice (8): Undefined variable: to_pass in [E:\wamp\www\website\discoverycast\app\views\questions\view_idea.ctp, line 70]
2011-12-17 19:34:32 Debug: Notice (8): Undefined variable: to_pass in [E:\wamp\www\website\discoverycast\app\views\questions\view_idea.ctp, line 67]
2011-12-17 19:34:32 Debug: Notice (8): Undefined variable: to_pass in [E:\wamp\www\website\discoverycast\app\views\questions\view_idea.ctp, line 70]
2011-12-17 19:34:33 Debug: Notice (8): Undefined variable: to_pass in [E:\wamp\www\website\discoverycast\app\views\questions\view_idea.ctp, line 67]
2011-12-17 19:34:33 Debug: Notice (8): Undefined variable: to_pass in [E:\wamp\www\website\discoverycast\app\views\questions\view_idea.ctp, line 70]
2011-12-17 19:34:33 Debug: Notice (8): Undefined variable: to_pass in [E:\wamp\www\website\discoverycast\app\views\questions\view_idea.ctp, line 67]
2011-12-17 19:34:33 Debug: Notice (8): Undefined variable: to_pass in [E:\wamp\www\website\discoverycast\app\views\questions\view_idea.ctp, line 70]
2011-12-17 19:34:33 Debug: Notice (8): Undefined variable: to_pass in [E:\wamp\www\website\discoverycast\app\views\questions\view_idea.ctp, line 67]
2011-12-17 19:34:33 Debug: Notice (8): Undefined variable: to_pass in [E:\wamp\www\website\discoverycast\app\views\questions\view_idea.ctp, line 70]
2011-12-17 19:34:33 Debug: Notice (8): Undefined variable: to_pass in [E:\wamp\www\website\discoverycast\app\views\questions\view_idea.ctp, line 67]
2011-12-17 19:34:33 Debug: Notice (8): Undefined variable: to_pass in [E:\wamp\www\website\discoverycast\app\views\questions\view_idea.ctp, line 70]
2011-12-17 19:34:33 Debug: Notice (8): Undefined variable: to_pass in [E:\wamp\www\website\discoverycast\app\views\questions\view_idea.ctp, line 67]
2011-12-17 19:34:33 Debug: Notice (8): Undefined variable: to_pass in [E:\wamp\www\website\discoverycast\app\views\questions\view_idea.ctp, line 70]
2011-12-17 19:34:34 Debug: Notice (8): Undefined variable: to_pass in [E:\wamp\www\website\discoverycast\app\views\questions\view_idea.ctp, line 67]
2011-12-17 19:34:34 Debug: Notice (8): Undefined variable: to_pass in [E:\wamp\www\website\discoverycast\app\views\questions\view_idea.ctp, line 70]
2011-12-17 19:35:52 Debug: Notice (8): Undefined variable: to_pass in [E:\wamp\www\website\discoverycast\app\views\questions\view_idea.ctp, line 67]
2011-12-17 19:35:52 Debug: Notice (8): Undefined variable: to_pass in [E:\wamp\www\website\discoverycast\app\views\questions\view_idea.ctp, line 70]
2011-12-17 19:35:53 Debug: Notice (8): Undefined variable: to_pass in [E:\wamp\www\website\discoverycast\app\views\questions\view_idea.ctp, line 67]
2011-12-17 19:35:53 Debug: Notice (8): Undefined variable: to_pass in [E:\wamp\www\website\discoverycast\app\views\questions\view_idea.ctp, line 70]
2011-12-17 19:35:54 Debug: Notice (8): Undefined variable: to_pass in [E:\wamp\www\website\discoverycast\app\views\questions\view_idea.ctp, line 67]
2011-12-17 19:35:54 Debug: Notice (8): Undefined variable: to_pass in [E:\wamp\www\website\discoverycast\app\views\questions\view_idea.ctp, line 70]
2011-12-17 19:35:56 Debug: Notice (8): Undefined variable: to_pass in [E:\wamp\www\website\discoverycast\app\views\questions\view_idea.ctp, line 67]
2011-12-17 19:35:56 Debug: Notice (8): Undefined variable: to_pass in [E:\wamp\www\website\discoverycast\app\views\questions\view_idea.ctp, line 70]
2011-12-17 19:35:56 Debug: Notice (8): Undefined variable: to_pass in [E:\wamp\www\website\discoverycast\app\views\questions\view_idea.ctp, line 67]
2011-12-17 19:35:56 Debug: Notice (8): Undefined variable: to_pass in [E:\wamp\www\website\discoverycast\app\views\questions\view_idea.ctp, line 70]
2011-12-17 19:35:56 Debug: Notice (8): Undefined variable: to_pass in [E:\wamp\www\website\discoverycast\app\views\questions\view_idea.ctp, line 67]
2011-12-17 19:35:56 Debug: Notice (8): Undefined variable: to_pass in [E:\wamp\www\website\discoverycast\app\views\questions\view_idea.ctp, line 70]
2011-12-17 19:35:56 Debug: Notice (8): Undefined variable: to_pass in [E:\wamp\www\website\discoverycast\app\views\questions\view_idea.ctp, line 67]
2011-12-17 19:35:56 Debug: Notice (8): Undefined variable: to_pass in [E:\wamp\www\website\discoverycast\app\views\questions\view_idea.ctp, line 70]
2011-12-17 19:35:57 Debug: Notice (8): Undefined variable: to_pass in [E:\wamp\www\website\discoverycast\app\views\questions\view_idea.ctp, line 67]
2011-12-17 19:35:57 Debug: Notice (8): Undefined variable: to_pass in [E:\wamp\www\website\discoverycast\app\views\questions\view_idea.ctp, line 70]
2011-12-17 19:35:57 Debug: Notice (8): Undefined variable: to_pass in [E:\wamp\www\website\discoverycast\app\views\questions\view_idea.ctp, line 67]
2011-12-17 19:35:57 Debug: Notice (8): Undefined variable: to_pass in [E:\wamp\www\website\discoverycast\app\views\questions\view_idea.ctp, line 70]
2011-12-17 19:35:57 Debug: Notice (8): Undefined variable: to_pass in [E:\wamp\www\website\discoverycast\app\views\questions\view_idea.ctp, line 67]
2011-12-17 19:35:57 Debug: Notice (8): Undefined variable: to_pass in [E:\wamp\www\website\discoverycast\app\views\questions\view_idea.ctp, line 70]
2011-12-17 19:35:57 Debug: Notice (8): Undefined variable: to_pass in [E:\wamp\www\website\discoverycast\app\views\questions\view_idea.ctp, line 67]
2011-12-17 19:35:57 Debug: Notice (8): Undefined variable: to_pass in [E:\wamp\www\website\discoverycast\app\views\questions\view_idea.ctp, line 70]
2011-12-17 19:35:57 Debug: Notice (8): Undefined variable: to_pass in [E:\wamp\www\website\discoverycast\app\views\questions\view_idea.ctp, line 67]
2011-12-17 19:35:58 Debug: Notice (8): Undefined variable: to_pass in [E:\wamp\www\website\discoverycast\app\views\questions\view_idea.ctp, line 70]
2011-12-17 19:35:59 Debug: Notice (8): Undefined variable: to_pass in [E:\wamp\www\website\discoverycast\app\views\questions\view_idea.ctp, line 67]
2011-12-17 19:35:59 Debug: Notice (8): Undefined variable: to_pass in [E:\wamp\www\website\discoverycast\app\views\questions\view_idea.ctp, line 70]
2011-12-17 19:42:38 Debug: Notice (8): Undefined variable: to_pass in [E:\wamp\www\website\discoverycast\app\views\questions\view_idea.ctp, line 67]
2011-12-17 19:42:38 Debug: Notice (8): Undefined variable: to_pass in [E:\wamp\www\website\discoverycast\app\views\questions\view_idea.ctp, line 70]
2011-12-17 19:42:39 Debug: Notice (8): Undefined variable: to_pass in [E:\wamp\www\website\discoverycast\app\views\questions\view_idea.ctp, line 67]
2011-12-17 19:42:39 Debug: Notice (8): Undefined variable: to_pass in [E:\wamp\www\website\discoverycast\app\views\questions\view_idea.ctp, line 70]
2011-12-17 19:42:40 Debug: Notice (8): Undefined variable: to_pass in [E:\wamp\www\website\discoverycast\app\views\questions\view_idea.ctp, line 67]
2011-12-17 19:42:40 Debug: Notice (8): Undefined variable: to_pass in [E:\wamp\www\website\discoverycast\app\views\questions\view_idea.ctp, line 70]
2011-12-17 19:42:41 Debug: Notice (8): Undefined variable: to_pass in [E:\wamp\www\website\discoverycast\app\views\questions\view_idea.ctp, line 67]
2011-12-17 19:42:41 Debug: Notice (8): Undefined variable: to_pass in [E:\wamp\www\website\discoverycast\app\views\questions\view_idea.ctp, line 70]
2011-12-17 19:42:41 Debug: Notice (8): Undefined variable: to_pass in [E:\wamp\www\website\discoverycast\app\views\questions\view_idea.ctp, line 67]
2011-12-17 19:42:41 Debug: Notice (8): Undefined variable: to_pass in [E:\wamp\www\website\discoverycast\app\views\questions\view_idea.ctp, line 70]
2011-12-17 19:42:41 Debug: Notice (8): Undefined variable: to_pass in [E:\wamp\www\website\discoverycast\app\views\questions\view_idea.ctp, line 67]
2011-12-17 19:42:41 Debug: Notice (8): Undefined variable: to_pass in [E:\wamp\www\website\discoverycast\app\views\questions\view_idea.ctp, line 70]
2011-12-17 19:42:41 Debug: Notice (8): Undefined variable: to_pass in [E:\wamp\www\website\discoverycast\app\views\questions\view_idea.ctp, line 67]
2011-12-17 19:42:41 Debug: Notice (8): Undefined variable: to_pass in [E:\wamp\www\website\discoverycast\app\views\questions\view_idea.ctp, line 70]
2011-12-17 19:42:41 Debug: Notice (8): Undefined variable: to_pass in [E:\wamp\www\website\discoverycast\app\views\questions\view_idea.ctp, line 67]
2011-12-17 19:42:41 Debug: Notice (8): Undefined variable: to_pass in [E:\wamp\www\website\discoverycast\app\views\questions\view_idea.ctp, line 70]
2011-12-17 19:42:42 Debug: Notice (8): Undefined variable: to_pass in [E:\wamp\www\website\discoverycast\app\views\questions\view_idea.ctp, line 67]
2011-12-17 19:42:42 Debug: Notice (8): Undefined variable: to_pass in [E:\wamp\www\website\discoverycast\app\views\questions\view_idea.ctp, line 70]
2011-12-17 19:42:42 Debug: Notice (8): Undefined variable: to_pass in [E:\wamp\www\website\discoverycast\app\views\questions\view_idea.ctp, line 67]
2011-12-17 19:42:42 Debug: Notice (8): Undefined variable: to_pass in [E:\wamp\www\website\discoverycast\app\views\questions\view_idea.ctp, line 70]
2011-12-17 19:42:42 Debug: Notice (8): Undefined variable: to_pass in [E:\wamp\www\website\discoverycast\app\views\questions\view_idea.ctp, line 67]
2011-12-17 19:42:42 Debug: Notice (8): Undefined variable: to_pass in [E:\wamp\www\website\discoverycast\app\views\questions\view_idea.ctp, line 70]
2011-12-17 19:42:54 Debug: Notice (8): Undefined variable: to_pass in [E:\wamp\www\website\discoverycast\app\views\questions\view_idea.ctp, line 67]
2011-12-17 19:42:54 Debug: Notice (8): Undefined variable: to_pass in [E:\wamp\www\website\discoverycast\app\views\questions\view_idea.ctp, line 70]
2011-12-17 19:42:55 Debug: Notice (8): Undefined variable: to_pass in [E:\wamp\www\website\discoverycast\app\views\questions\view_idea.ctp, line 67]
2011-12-17 19:42:55 Debug: Notice (8): Undefined variable: to_pass in [E:\wamp\www\website\discoverycast\app\views\questions\view_idea.ctp, line 70]
2011-12-17 19:42:56 Debug: Notice (8): Undefined variable: to_pass in [E:\wamp\www\website\discoverycast\app\views\questions\view_idea.ctp, line 67]
2011-12-17 19:42:56 Debug: Notice (8): Undefined variable: to_pass in [E:\wamp\www\website\discoverycast\app\views\questions\view_idea.ctp, line 70]
2011-12-17 19:42:57 Debug: Notice (8): Undefined variable: to_pass in [E:\wamp\www\website\discoverycast\app\views\questions\view_idea.ctp, line 67]
2011-12-17 19:42:57 Debug: Notice (8): Undefined variable: to_pass in [E:\wamp\www\website\discoverycast\app\views\questions\view_idea.ctp, line 70]
2011-12-17 19:42:57 Debug: Notice (8): Undefined variable: to_pass in [E:\wamp\www\website\discoverycast\app\views\questions\view_idea.ctp, line 67]
2011-12-17 19:42:57 Debug: Notice (8): Undefined variable: to_pass in [E:\wamp\www\website\discoverycast\app\views\questions\view_idea.ctp, line 70]
2011-12-17 19:42:58 Debug: Notice (8): Undefined variable: to_pass in [E:\wamp\www\website\discoverycast\app\views\questions\view_idea.ctp, line 67]
2011-12-17 19:42:58 Debug: Notice (8): Undefined variable: to_pass in [E:\wamp\www\website\discoverycast\app\views\questions\view_idea.ctp, line 70]
2011-12-17 19:42:58 Debug: Notice (8): Undefined variable: to_pass in [E:\wamp\www\website\discoverycast\app\views\questions\view_idea.ctp, line 67]
2011-12-17 19:42:58 Debug: Notice (8): Undefined variable: to_pass in [E:\wamp\www\website\discoverycast\app\views\questions\view_idea.ctp, line 70]
2011-12-17 19:42:59 Debug: Notice (8): Undefined variable: to_pass in [E:\wamp\www\website\discoverycast\app\views\questions\view_idea.ctp, line 67]
2011-12-17 19:42:59 Debug: Notice (8): Undefined variable: to_pass in [E:\wamp\www\website\discoverycast\app\views\questions\view_idea.ctp, line 70]
2011-12-17 19:42:59 Debug: Notice (8): Undefined variable: to_pass in [E:\wamp\www\website\discoverycast\app\views\questions\view_idea.ctp, line 67]
2011-12-17 19:42:59 Debug: Notice (8): Undefined variable: to_pass in [E:\wamp\www\website\discoverycast\app\views\questions\view_idea.ctp, line 70]
2011-12-17 19:42:59 Debug: Notice (8): Undefined variable: to_pass in [E:\wamp\www\website\discoverycast\app\views\questions\view_idea.ctp, line 67]
2011-12-17 19:42:59 Debug: Notice (8): Undefined variable: to_pass in [E:\wamp\www\website\discoverycast\app\views\questions\view_idea.ctp, line 70]
2011-12-17 19:42:59 Debug: Notice (8): Undefined variable: to_pass in [E:\wamp\www\website\discoverycast\app\views\questions\view_idea.ctp, line 67]
2011-12-17 19:42:59 Debug: Notice (8): Undefined variable: to_pass in [E:\wamp\www\website\discoverycast\app\views\questions\view_idea.ctp, line 70]
2011-12-17 19:42:59 Debug: Notice (8): Undefined variable: to_pass in [E:\wamp\www\website\discoverycast\app\views\questions\view_idea.ctp, line 67]
2011-12-17 19:42:59 Debug: Notice (8): Undefined variable: to_pass in [E:\wamp\www\website\discoverycast\app\views\questions\view_idea.ctp, line 70]
2011-12-17 19:42:59 Debug: Notice (8): Undefined variable: to_pass in [E:\wamp\www\website\discoverycast\app\views\questions\view_idea.ctp, line 67]
2011-12-17 19:43:00 Debug: Notice (8): Undefined variable: to_pass in [E:\wamp\www\website\discoverycast\app\views\questions\view_idea.ctp, line 70]
2011-12-18 03:53:25 Debug: Notice (8): Undefined variable: to_pass in [E:\wamp\www\website\discoverycast\app\views\questions\view_idea.ctp, line 67]
2011-12-18 03:53:25 Debug: Notice (8): Undefined variable: to_pass in [E:\wamp\www\website\discoverycast\app\views\questions\view_idea.ctp, line 70]
2011-12-18 03:53:26 Debug: Notice (8): Undefined variable: to_pass in [E:\wamp\www\website\discoverycast\app\views\questions\view_idea.ctp, line 67]
2011-12-18 03:53:26 Debug: Notice (8): Undefined variable: to_pass in [E:\wamp\www\website\discoverycast\app\views\questions\view_idea.ctp, line 70]
2011-12-18 03:53:50 Debug: Notice (8): Undefined variable: to_pass in [E:\wamp\www\website\discoverycast\app\views\questions\view_idea.ctp, line 67]
2011-12-18 03:53:50 Debug: Notice (8): Undefined variable: to_pass in [E:\wamp\www\website\discoverycast\app\views\questions\view_idea.ctp, line 70]
2011-12-18 03:53:52 Debug: Notice (8): Undefined variable: to_pass in [E:\wamp\www\website\discoverycast\app\views\questions\view_idea.ctp, line 67]
2011-12-18 03:53:52 Debug: Notice (8): Undefined variable: to_pass in [E:\wamp\www\website\discoverycast\app\views\questions\view_idea.ctp, line 70]
2011-12-18 03:55:06 Debug: Notice (8): Undefined variable: to_pass in [E:\wamp\www\website\discoverycast\app\views\questions\view_idea.ctp, line 67]
2011-12-18 03:55:06 Debug: Notice (8): Undefined variable: to_pass in [E:\wamp\www\website\discoverycast\app\views\questions\view_idea.ctp, line 70]
2011-12-18 04:12:42 Debug: Notice (8): Undefined index:  tab in [E:\wamp\www\website\discoverycast\app\controllers\questions_controller.php, line 256]
2011-12-18 04:12:42 Debug: Notice (8): Undefined index:  tab in [E:\wamp\www\website\discoverycast\app\controllers\questions_controller.php, line 256]
2011-12-18 04:12:43 Debug: Notice (8): Undefined index:  tab in [E:\wamp\www\website\discoverycast\app\controllers\questions_controller.php, line 256]
2011-12-18 04:12:44 Debug: Notice (8): Undefined index:  tab in [E:\wamp\www\website\discoverycast\app\controllers\questions_controller.php, line 256]
2011-12-18 04:12:44 Debug: Notice (8): Undefined index:  tab in [E:\wamp\www\website\discoverycast\app\controllers\questions_controller.php, line 256]
2011-12-18 04:12:45 Debug: Notice (8): Undefined index:  tab in [E:\wamp\www\website\discoverycast\app\controllers\questions_controller.php, line 256]
2011-12-18 04:12:45 Debug: Notice (8): Undefined index:  tab in [E:\wamp\www\website\discoverycast\app\controllers\questions_controller.php, line 256]
2011-12-18 04:12:45 Debug: Notice (8): Undefined index:  tab in [E:\wamp\www\website\discoverycast\app\controllers\questions_controller.php, line 256]
2011-12-18 04:12:45 Debug: Notice (8): Undefined index:  tab in [E:\wamp\www\website\discoverycast\app\controllers\questions_controller.php, line 256]
2011-12-18 04:12:46 Debug: Notice (8): Undefined index:  tab in [E:\wamp\www\website\discoverycast\app\controllers\questions_controller.php, line 256]
2011-12-18 04:12:46 Debug: Notice (8): Undefined index:  tab in [E:\wamp\www\website\discoverycast\app\controllers\questions_controller.php, line 256]
2011-12-18 04:20:24 Debug: Notice (8): Undefined variable: ajax in [E:\wamp\www\website\discoverycast\app\views\questions\view_idea.ctp, line 2]
2011-12-18 04:20:24 Debug: Notice (8): Undefined variable: ajax in [E:\wamp\www\website\discoverycast\app\views\questions\view_idea.ctp, line 2]
2011-12-18 04:20:26 Debug: Notice (8): Undefined variable: ajax in [E:\wamp\www\website\discoverycast\app\views\questions\view_idea.ctp, line 2]
2011-12-18 04:20:26 Debug: Notice (8): Undefined variable: ajax in [E:\wamp\www\website\discoverycast\app\views\questions\view_idea.ctp, line 2]
2011-12-18 04:20:26 Debug: Notice (8): Undefined variable: ajax in [E:\wamp\www\website\discoverycast\app\views\questions\view_idea.ctp, line 2]
2011-12-18 04:20:27 Debug: Notice (8): Undefined variable: ajax in [E:\wamp\www\website\discoverycast\app\views\questions\view_idea.ctp, line 2]
2011-12-18 04:20:27 Debug: Notice (8): Undefined variable: ajax in [E:\wamp\www\website\discoverycast\app\views\questions\view_idea.ctp, line 2]
2011-12-18 04:20:27 Debug: Notice (8): Undefined variable: ajax in [E:\wamp\www\website\discoverycast\app\views\questions\view_idea.ctp, line 2]
2011-12-18 04:56:46 Debug: Notice (8): Undefined index:  name in [E:\wamp\www\website\discoverycast\app\views\questions\view_idea.ctp, line 74]
2011-12-18 05:02:04 Debug: Notice (8): Undefined variable: Ideatree in [E:\wamp\www\website\discoverycast\app\views\questions\view_idea.ctp, line 82]
2011-12-18 05:02:05 Debug: Notice (8): Undefined variable: Ideatree in [E:\wamp\www\website\discoverycast\app\views\questions\view_idea.ctp, line 82]
2011-12-18 11:40:55 Debug: Notice (8): Undefined variable: title_for_layout in [E:\wamp\www\website\discoverycast\app\views\users\edit.ctp, line 2]
