File Name    : C:\ProgramData\Adobe\Elements Organizer\8.0\Music\Sunny_Afternoons.mp3
Tag Category  : Music
 (Start Frame no., End Frame no) (0, 2699136)  - No Music

File Name    : C:\ProgramData\Adobe\Elements Organizer\8.0\Music\Sunny_Afternoons.mp3
Tag Category  : Dialog
 (Start Frame no., End Frame no) (0, 2699136)  - No Dialog

File Name    : C:\ProgramData\Adobe\Elements Organizer\8.0\Music\Sunny_Afternoons.mp3
Tag Category  : Volume
 (Start Frame no., End Frame no) (0, 2699136)  - Low Volume

File Name    : C:\ProgramData\Adobe\Elements Organizer\8.0\Music\Shumann_Scenes_From_Childhood.mp3
Tag Category  : Music
 (Start Frame no., End Frame no) (0, 2597760)  - No Music

File Name    : C:\ProgramData\Adobe\Elements Organizer\8.0\Music\Shumann_Scenes_From_Childhood.mp3
Tag Category  : Dialog
 (Start Frame no., End Frame no) (0, 2597760)  - No Dialog

File Name    : C:\ProgramData\Adobe\Elements Organizer\8.0\Music\Shumann_Scenes_From_Childhood.mp3
Tag Category  : Volume
 (Start Frame no., End Frame no) (0, 2597760)  - Low Volume

File Name    : C:\ProgramData\Adobe\Elements Organizer\8.0\Music\Pachelbel_Canon_in_D.mp3
Tag Category  : Music
 (Start Frame no., End Frame no) (0, 2979072)  - No Music

File Name    : C:\ProgramData\Adobe\Elements Organizer\8.0\Music\Pachelbel_Canon_in_D.mp3
Tag Category  : Dialog
 (Start Frame no., End Frame no) (0, 2979072)  - No Dialog

File Name    : C:\ProgramData\Adobe\Elements Organizer\8.0\Music\Pachelbel_Canon_in_D.mp3
Tag Category  : Volume
 (Start Frame no., End Frame no) (0, 2979072)  - Low Volume

File Name    : C:\ProgramData\Adobe\Elements Organizer\8.0\Music\Need_For_Speed.mp3
Tag Category  : Music
 (Start Frame no., End Frame no) (0, 2700288)  - No Music

File Name    : C:\ProgramData\Adobe\Elements Organizer\8.0\Music\Need_For_Speed.mp3
Tag Category  : Dialog
 (Start Frame no., End Frame no) (0, 2700288)  - No Dialog

File Name    : C:\ProgramData\Adobe\Elements Organizer\8.0\Music\Need_For_Speed.mp3
Tag Category  : Volume
 (Start Frame no., End Frame no) (0, 2700288)  - Low Volume

File Name    : C:\ProgramData\Adobe\Elements Organizer\8.0\Music\Mozart_Sonata_in_C_Major.mp3
Tag Category  : Music
 (Start Frame no., End Frame no) (0, 2468736)  - No Music

File Name    : C:\ProgramData\Adobe\Elements Organizer\8.0\Music\Mozart_Sonata_in_C_Major.mp3
Tag Category  : Dialog
 (Start Frame no., End Frame no) (0, 2468736)  - No Dialog

File Name    : C:\ProgramData\Adobe\Elements Organizer\8.0\Music\Mozart_Sonata_in_C_Major.mp3
Tag Category  : Volume
 (Start Frame no., End Frame no) (0, 2468736)  - Low Volume

File Name    : C:\ProgramData\Adobe\Elements Organizer\8.0\Music\Light_Jazz.mp3
Tag Category  : Music
 (Start Frame no., End Frame no) (0, 2794752)  - No Music

File Name    : C:\ProgramData\Adobe\Elements Organizer\8.0\Music\Light_Jazz.mp3
Tag Category  : Dialog
 (Start Frame no., End Frame no) (0, 2794752)  - No Dialog

File Name    : C:\ProgramData\Adobe\Elements Organizer\8.0\Music\Light_Jazz.mp3
Tag Category  : Volume
 (Start Frame no., End Frame no) (0, 2794752)  - Low Volume

File Name    : C:\ProgramData\Adobe\Elements Organizer\8.0\Music\Joplin_Maple_Leaf_Rag.mp3
Tag Category  : Music
 (Start Frame no., End Frame no) (0, 2386944)  - No Music

File Name    : C:\ProgramData\Adobe\Elements Organizer\8.0\Music\Joplin_Maple_Leaf_Rag.mp3
Tag Category  : Dialog
 (Start Frame no., End Frame no) (0, 2386944)  - No Dialog

File Name    : C:\ProgramData\Adobe\Elements Organizer\8.0\Music\Joplin_Maple_Leaf_Rag.mp3
Tag Category  : Volume
 (Start Frame no., End Frame no) (0, 2386944)  - Low Volume

File Name    : C:\ProgramData\Adobe\Elements Organizer\8.0\Music\Hawaiian_Saunter.mp3
Tag Category  : Music
 (Start Frame no., End Frame no) (0, 2699136)  - No Music

File Name    : C:\ProgramData\Adobe\Elements Organizer\8.0\Music\Hawaiian_Saunter.mp3
Tag Category  : Dialog
 (Start Frame no., End Frame no) (0, 2699136)  - No Dialog

File Name    : C:\ProgramData\Adobe\Elements Organizer\8.0\Music\Hawaiian_Saunter.mp3
Tag Category  : Volume
 (Start Frame no., End Frame no) (0, 2699136)  - Low Volume

File Name    : C:\ProgramData\Adobe\Elements Organizer\8.0\Music\Deck_the_Halls.mp3
Tag Category  : Music
 (Start Frame no., End Frame no) (0, 2700288)  - No Music

File Name    : C:\ProgramData\Adobe\Elements Organizer\8.0\Music\Deck_the_Halls.mp3
Tag Category  : Dialog
 (Start Frame no., End Frame no) (0, 2700288)  - No Dialog

File Name    : C:\ProgramData\Adobe\Elements Organizer\8.0\Music\Deck_the_Halls.mp3
Tag Category  : Volume
 (Start Frame no., End Frame no) (0, 2700288)  - Low Volume

File Name    : C:\ProgramData\Adobe\Elements Organizer\8.0\Music\Big_Band_Bash.mp3
Tag Category  : Music
 (Start Frame no., End Frame no) (0, 2700288)  - No Music

File Name    : C:\ProgramData\Adobe\Elements Organizer\8.0\Music\Big_Band_Bash.mp3
Tag Category  : Dialog
 (Start Frame no., End Frame no) (0, 2700288)  - No Dialog

File Name    : C:\ProgramData\Adobe\Elements Organizer\8.0\Music\Big_Band_Bash.mp3
Tag Category  : Volume
 (Start Frame no., End Frame no) (0, 2700288)  - Low Volume

File Name    : C:\ProgramData\Adobe\Elements Organizer\8.0\Music\Bach_Two_Part_Invention_in_C_Major.mp3
Tag Category  : Music
 (Start Frame no., End Frame no) (0, 2732544)  - No Music

File Name    : C:\ProgramData\Adobe\Elements Organizer\8.0\Music\Bach_Two_Part_Invention_in_C_Major.mp3
Tag Category  : Dialog
 (Start Frame no., End Frame no) (0, 2732544)  - No Dialog

File Name    : C:\ProgramData\Adobe\Elements Organizer\8.0\Music\Bach_Two_Part_Invention_in_C_Major.mp3
Tag Category  : Volume
 (Start Frame no., End Frame no) (0, 2732544)  - Low Volume

File Name    : C:\ProgramData\Adobe\Elements Organizer\8.0\Music\Ancient_Beijing.mp3
Tag Category  : Music
 (Start Frame no., End Frame no) (0, 2699136)  - No Music

File Name    : C:\ProgramData\Adobe\Elements Organizer\8.0\Music\Ancient_Beijing.mp3
Tag Category  : Dialog
 (Start Frame no., End Frame no) (0, 2699136)  - No Dialog

File Name    : C:\ProgramData\Adobe\Elements Organizer\8.0\Music\Ancient_Beijing.mp3
Tag Category  : Volume
 (Start Frame no., End Frame no) (0, 2699136)  - Low Volume

File Name    : C:\ProgramData\Adobe\Elements Organizer\8.0\Music\A_Taste_Of_Sicily.mp3
Tag Category  : Music
 (Start Frame no., End Frame no) (0, 2700288)  - No Music

File Name    : C:\ProgramData\Adobe\Elements Organizer\8.0\Music\A_Taste_Of_Sicily.mp3
Tag Category  : Dialog
 (Start Frame no., End Frame no) (0, 2700288)  - No Dialog

File Name    : C:\ProgramData\Adobe\Elements Organizer\8.0\Music\A_Taste_Of_Sicily.mp3
Tag Category  : Volume
 (Start Frame no., End Frame no) (0, 2700288)  - Low Volume

